Transformation Name, Clone Number, Input Size, Feature Number, Rules per Feature, Runtime, Clauses, Variables, Clauses/Variables, Slow-down Ratio
create_PROP_in_any_CLASS,1,322,20,11,7.597199,1378,22,62.63636363636363,1.3532101161250791
create_PROP_in_any_CLASS,1,322,40,15,7.977975,4246,42,101.0952380952381,1.3312371316538911
create_PROP_in_any_CLASS,1,322,60,11,8.14463,5146,62,83.0,1.4194547860891642
create_PROP_in_any_CLASS,1,322,60,12,7.898336,6253,62,100.85483870967742,1.4354469805917576
create_PROP_in_any_CLASS,1,322,60,13,8.391093,6970,62,112.41935483870968,1.3319573683125283
create_PROP_in_any_CLASS,1,322,60,14,8.639582,7149,62,115.30645161290323,1.2121795706431824
create_PROP_in_any_CLASS,1,322,60,15,8.644945,8384,62,135.2258064516129,1.2665953246878068
create_PROP_in_any_CLASS,1,322,80,11,8.517011,7476,82,91.17073170731707,1.425473140318126
create_PROP_in_any_CLASS,1,322,80,12,8.961269,7746,82,94.46341463414635,1.334110213460159
create_PROP_in_any_CLASS,1,322,80,13,8.772586,8052,82,98.1951219512195,1.400376761109161
create_PROP_in_any_CLASS,1,322,80,14,9.268178,7655,82,93.35365853658537,1.4702789018553746
create_PROP_in_any_CLASS,1,322,20,12,7.746177,1445,22,65.68181818181819,1.3061382542561075
create_PROP_in_any_CLASS,1,322,80,15,9.00325,9241,82,112.6951219512195,1.5188578263374408
create_PROP_in_any_CLASS,2,643,20,11,13.887771,2246,22,102.0909090909091,1.0830494583844563
create_PROP_in_any_CLASS,2,643,20,12,14.457505,2242,22,101.9090909090909,1.307330715990175
create_PROP_in_any_CLASS,2,643,20,13,14.312843,2275,22,103.4090909090909,1.135378719153739
create_PROP_in_any_CLASS,2,643,20,14,14.379459,2325,22,105.68181818181819,1.2156836702515748
create_PROP_in_any_CLASS,2,643,20,15,14.022075,2332,22,106.0,1.065864234767998
create_PROP_in_any_CLASS,2,643,40,11,14.419504,2905,42,69.16666666666667,1.185202963536741
create_PROP_in_any_CLASS,2,643,40,12,14.646628,3171,42,75.5,1.1091570979527137
create_PROP_in_any_CLASS,2,643,40,13,15.344108,3105,42,73.92857142857143,1.2031348404822544
create_PROP_in_any_CLASS,2,643,40,14,15.066518,3240,42,77.14285714285714,1.2145733798465785
create_PROP_in_any_CLASS,1,322,20,13,8.073579,1522,22,69.18181818181819,1.4378099626869392
create_PROP_in_any_CLASS,2,643,40,15,15.544534,3444,42,82.0,1.1726583547377873
create_PROP_in_any_CLASS,2,643,60,11,15.346566,3469,62,55.95161290322581,1.0817705476308999
create_PROP_in_any_CLASS,2,643,60,12,15.607674,3776,62,60.903225806451616,1.3279348692537944
create_PROP_in_any_CLASS,2,643,60,13,15.054046,3884,62,62.645161290322584,1.239916933890984
create_PROP_in_any_CLASS,2,643,60,14,16.5887,4151,62,66.95161290322581,1.2953424922812151
create_PROP_in_any_CLASS,2,643,60,15,16.702886,4117,62,66.40322580645162,1.3920412666420199
create_PROP_in_any_CLASS,2,643,80,11,15.80724,3997,82,48.74390243902439,1.3066883290208946
create_PROP_in_any_CLASS,2,643,80,12,16.739,11959,82,145.84146341463415,1.220023901943868
create_PROP_in_any_CLASS,2,643,80,13,17.046642,20378,82,248.5121951219512,1.195300009985
create_PROP_in_any_CLASS,2,643,80,14,17.528588,21675,82,264.3292682926829,1.2153993588026581
create_PROP_in_any_CLASS,1,322,20,14,8.331184,1493,22,67.86363636363636,1.5615563111272721
create_PROP_in_any_CLASS,2,643,80,15,16.835445,20128,82,245.46341463414635,1.2821003042765882
create_PROP_in_any_CLASS,3,1285,20,11,29.609204,3657,22,166.22727272727272,1.147197226133491
create_PROP_in_any_CLASS,3,1285,20,12,32.684456,3673,22,166.95454545454547,1.0022386001089432
create_PROP_in_any_CLASS,3,1285,20,13,42.429562,3752,22,170.54545454545453,1.5948242363765157
create_PROP_in_any_CLASS,3,1285,20,14,29.550135,3764,22,171.0909090909091,1.3023411491514925
create_PROP_in_any_CLASS,3,1285,20,15,30.98953,3803,22,172.86363636363637,1.1834351545985382
create_PROP_in_any_CLASS,3,1285,40,11,32.054262,4465,42,106.30952380952381,1.2437070003284814
create_PROP_in_any_CLASS,3,1285,40,12,33.87773,4673,42,111.26190476190476,1.2830042580568637
create_PROP_in_any_CLASS,3,1285,40,13,33.230114,4784,42,113.9047619047619,1.2227367617581946
create_PROP_in_any_CLASS,3,1285,40,14,32.52482,4806,42,114.42857142857143,1.2320428523732136
create_PROP_in_any_CLASS,1,322,20,15,7.92391,1562,22,71.0,1.3341955302258326
create_PROP_in_any_CLASS,3,1285,40,15,34.47457,4894,42,116.52380952380952,1.2961484904278004
create_PROP_in_any_CLASS,3,1285,60,11,34.104925,5379,62,86.75806451612904,1.2832923472825128
create_PROP_in_any_CLASS,3,1285,60,12,34.350191,5570,62,89.83870967741936,1.368125303171496
create_PROP_in_any_CLASS,3,1285,60,13,35.086405,5710,62,92.09677419354838,1.294620747949039
create_PROP_in_any_CLASS,3,1285,60,14,36.187783,5929,62,95.62903225806451,1.333129796627966
create_PROP_in_any_CLASS,3,1285,60,15,37.297852,5964,62,96.19354838709677,1.433647326585757
create_PROP_in_any_CLASS,3,1285,80,11,38.583775,5998,82,73.14634146341463,1.3059992235176008
create_PROP_in_any_CLASS,3,1285,80,12,37.345052,6073,82,74.0609756097561,1.3777913841174467
create_PROP_in_any_CLASS,3,1285,80,13,36.022594,6390,82,77.92682926829268,1.3608931500775714
create_PROP_in_any_CLASS,3,1285,80,14,39.848695,6678,82,81.4390243902439,1.4343246238841911
create_PROP_in_any_CLASS,1,322,40,11,8.037256,3667,42,87.30952380952381,1.4477037505626627
create_PROP_in_any_CLASS,1,322,40,12,8.387845,4539,42,108.07142857142857,1.4846027145297644
create_PROP_in_any_CLASS,1,322,40,13,7.491668,4266,42,101.57142857142857,1.425373301871751
create_PROP_in_any_CLASS,1,322,40,14,7.956387,4221,42,100.5,1.368041014474463
create_CLASS_in_any_DOMAIN,1,322,20,11,7.12507,1310,22,59.54545454545455,1.4880706982230627
create_CLASS_in_any_DOMAIN,1,322,20,11,7.388087,1310,22,59.54545454545455,1.6992193986563722
create_CLASS_in_any_DOMAIN,1,322,40,15,7.345376,2132,42,50.76190476190476,1.408131548219375
create_CLASS_in_any_DOMAIN,1,322,60,11,6.976979,2210,62,35.645161290322584,1.375458799788821
create_CLASS_in_any_DOMAIN,1,322,60,12,7.398993,2334,62,37.645161290322584,1.6185370021665098
create_CLASS_in_any_DOMAIN,1,322,60,13,7.315144,2256,62,36.38709677419355,1.7142131365897508
create_CLASS_in_any_DOMAIN,1,322,60,14,7.237187,2277,62,36.725806451612904,1.45229066494411
create_CLASS_in_any_DOMAIN,1,322,60,15,7.23753,2234,62,36.03225806451613,1.4401167608998229
create_CLASS_in_any_DOMAIN,1,322,80,11,7.370886,2321,82,28.304878048780488,1.4252247214474985
create_CLASS_in_any_DOMAIN,1,322,80,12,7.44891,2335,82,28.475609756097562,1.496540677005492
create_CLASS_in_any_DOMAIN,1,322,80,13,7.023644,2341,82,28.548780487804876,1.4748047370004722
create_CLASS_in_any_DOMAIN,1,322,80,14,7.25202,2330,82,28.414634146341463,1.499987900020663
create_CLASS_in_any_DOMAIN,1,322,20,12,6.740395,1299,22,59.04545454545455,1.3209892100712275
create_CLASS_in_any_DOMAIN,1,322,80,15,7.374625,2315,82,28.23170731707317,1.487116380083928
create_CLASS_in_any_DOMAIN,2,643,20,11,12.07677,2114,22,96.0909090909091,1.1882245754749003
create_CLASS_in_any_DOMAIN,2,643,20,12,11.993564,2108,22,95.81818181818181,1.1747197083878076
create_CLASS_in_any_DOMAIN,2,643,20,13,12.571465,2191,22,99.5909090909091,1.3285578108933271
create_CLASS_in_any_DOMAIN,2,643,20,14,12.766177,2261,22,102.77272727272727,1.1547338138476588
create_CLASS_in_any_DOMAIN,2,643,20,15,12.947615,2170,22,98.63636363636364,1.4321820929660714
create_CLASS_in_any_DOMAIN,2,643,40,11,12.047876,2820,42,67.14285714285714,1.096268426925969
create_CLASS_in_any_DOMAIN,2,643,40,12,12.680329,3009,42,71.64285714285714,1.1268378621916606
create_CLASS_in_any_DOMAIN,2,643,40,13,12.189294,2997,42,71.35714285714286,1.132854861083875
create_CLASS_in_any_DOMAIN,2,643,40,14,13.25489,3046,42,72.52380952380952,1.2481089885496939
create_CLASS_in_any_DOMAIN,1,322,20,13,6.640922,1374,22,62.45454545454545,1.4055548535812015
create_CLASS_in_any_DOMAIN,2,643,40,15,12.748379,3213,42,76.5,1.3362082058227722
create_CLASS_in_any_DOMAIN,2,643,60,11,13.25876,3363,62,54.24193548387097,1.2374908171180588
create_CLASS_in_any_DOMAIN,2,643,60,12,12.958298,3510,62,56.61290322580645,1.3301877515088218
create_CLASS_in_any_DOMAIN,2,643,60,13,13.172916,3657,62,58.983870967741936,1.2527187107898827
create_CLASS_in_any_DOMAIN,2,643,60,14,13.354712,3704,62,59.74193548387097,1.2791420071727362
create_CLASS_in_any_DOMAIN,2,643,60,15,12.457156,3808,62,61.41935483870968,1.28341514998162
create_CLASS_in_any_DOMAIN,2,643,80,11,13.37226,3801,82,46.353658536585364,1.1973581627804173
create_CLASS_in_any_DOMAIN,2,643,80,12,14.352951,4139,82,50.47560975609756,1.3061144985756268
create_CLASS_in_any_DOMAIN,2,643,80,13,13.714405,4304,82,52.48780487804878,1.2180786704238822
create_CLASS_in_any_DOMAIN,2,643,80,14,13.239658,4287,82,52.28048780487805,1.3581873680182726
create_CLASS_in_any_DOMAIN,1,322,20,14,6.739059,1382,22,62.81818181818182,1.7884458756368249
create_CLASS_in_any_DOMAIN,2,643,80,15,13.457684,4480,82,54.63414634146341,1.3245834103105167
create_CLASS_in_any_DOMAIN,3,1285,20,11,27.648687,3621,22,164.5909090909091,1.0946243789295267
create_CLASS_in_any_DOMAIN,3,1285,20,12,27.65774,3636,22,165.27272727272728,1.1256256971635497
create_CLASS_in_any_DOMAIN,3,1285,20,13,29.538306,3705,22,168.4090909090909,1.143185942387555
create_CLASS_in_any_DOMAIN,3,1285,20,14,27.346938,3727,22,169.4090909090909,1.203381903774114
create_CLASS_in_any_DOMAIN,3,1285,20,15,30.225907,3724,22,169.27272727272728,1.2403150408255552
create_CLASS_in_any_DOMAIN,3,1285,40,11,27.782041,4435,42,105.5952380952381,1.198286800046289
create_CLASS_in_any_DOMAIN,3,1285,40,12,27.616208,4610,42,109.76190476190476,1.0994942428277812
create_CLASS_in_any_DOMAIN,3,1285,40,13,29.712184,4738,42,112.80952380952381,1.2704200522625475
create_CLASS_in_any_DOMAIN,3,1285,40,14,27.719918,4684,42,111.52380952380952,1.1479541239400701
create_CLASS_in_any_DOMAIN,1,322,20,15,7.060818,1422,22,64.63636363636364,1.5482443714899927
create_CLASS_in_any_DOMAIN,3,1285,40,15,28.753984,4793,42,114.11904761904762,1.2132278448139207
create_CLASS_in_any_DOMAIN,3,1285,60,11,30.781426,5318,62,85.7741935483871,1.2372760415046284
create_CLASS_in_any_DOMAIN,3,1285,60,12,29.899149,5488,62,88.51612903225806,1.2846737072226928
create_CLASS_in_any_DOMAIN,3,1285,60,13,29.709806,5662,62,91.3225806451613,1.251880561471466
create_CLASS_in_any_DOMAIN,3,1285,60,14,31.246405,5686,62,91.70967741935483,1.3139194985590426
create_CLASS_in_any_DOMAIN,3,1285,60,15,32.606629,5755,62,92.8225806451613,1.4030245037895905
create_CLASS_in_any_DOMAIN,3,1285,80,11,32.172349,5922,82,72.21951219512195,1.2819261883578281
create_CLASS_in_any_DOMAIN,3,1285,80,12,31.272565,5954,82,72.60975609756098,1.2687741466215847
create_CLASS_in_any_DOMAIN,3,1285,80,13,30.909341,6342,82,77.34146341463415,1.2778517890182441
create_CLASS_in_any_DOMAIN,3,1285,80,14,30.691548,6504,82,79.3170731707317,1.3435288120958946
create_CLASS_in_any_DOMAIN,1,322,40,11,7.452359,1932,42,46.0,1.4677302011709765
create_CLASS_in_any_DOMAIN,1,322,40,12,7.058229,1933,42,46.023809523809526,1.3427815183858836
create_CLASS_in_any_DOMAIN,1,322,40,13,7.169795,2006,42,47.76190476190476,1.5710039593937546
create_CLASS_in_any_DOMAIN,1,322,40,14,7.259727,2159,42,51.404761904761905,1.4518109623048905
delete_COMMENT_from_MODEL,1,322,20,11,7.231296,1307,22,59.40909090909091,1.467932340244303
delete_COMMENT_from_MODEL,1,322,20,12,7.122681,1296,22,58.90909090909091,1.2921771974844685
delete_COMMENT_from_MODEL,1,322,20,14,6.932675,1379,22,62.68181818181818,1.2424914725925755
delete_COMMENT_from_MODEL,1,322,20,15,7.049338,1419,22,64.5,1.534411149795447
delete_COMMENT_from_MODEL,1,322,40,13,7.193286,1998,42,47.57142857142857,1.3830303368226557
delete_Class_from_Domain,1,322,20,11,6.978402,1306,22,59.36363636363637,1.3292586733513085
delete_Class_from_Domain,1,322,20,11,7.298738,1306,22,59.36363636363637,1.377667805358129
delete_Class_from_Domain,1,322,40,15,7.504918,2124,42,50.57142857142857,1.551055390539554
delete_Class_from_Domain,1,322,60,11,7.28988,2201,62,35.5,1.4182518989129669
delete_Class_from_Domain,1,322,60,12,7.294101,2326,62,37.516129032258064,1.3688076806800182
delete_Class_from_Domain,1,322,60,13,7.518047,2247,62,36.24193548387097,1.412950537267418
delete_Class_from_Domain,1,322,60,14,6.903315,2268,62,36.58064516129032,1.3102449342069926
delete_Class_from_Domain,1,322,60,15,7.541,2223,62,35.854838709677416,1.43758030509263
delete_Class_from_Domain,1,322,80,11,7.394993,2312,82,28.195121951219512,1.473940919130097
delete_Class_from_Domain,1,322,80,12,7.468724,2327,82,28.378048780487806,1.4953822435566944
delete_Class_from_Domain,1,322,80,13,7.428558,2332,82,28.4390243902439,1.3454349387626767
delete_Class_from_Domain,1,322,80,14,7.319258,2322,82,28.317073170731707,1.4735012650847872
delete_Class_from_Domain,1,322,20,12,7.30099,1295,22,58.86363636363637,1.4953568297818303
delete_Class_from_Domain,1,322,80,15,7.465822,2305,82,28.109756097560975,1.3274427324422577
delete_Class_from_Domain,1,322,20,13,6.969211,1371,22,62.31818181818182,1.3442545322612285
delete_Class_from_Domain,1,322,20,14,6.935332,1379,22,62.68181818181818,1.3645824479220774
delete_Class_from_Domain,1,322,20,15,6.917522,1418,22,64.45454545454545,1.3125492975250912
delete_Class_from_Domain,1,322,40,11,7.346828,1926,42,45.857142857142854,1.3474101590905547
delete_Class_from_Domain,1,322,40,12,7.106532,1925,42,45.833333333333336,1.3399477221934053
delete_Class_from_Domain,1,322,40,13,7.012138,1998,42,47.57142857142857,1.337372199264536
delete_Class_from_Domain,1,322,40,14,7.129234,2147,42,51.11904761904762,1.3539828084582688
create_PROP_in_any_CLASS,3,1285,80,15,43.37647,6829,82,83.28048780487805,1.5478118304268047
create_CLASS_in_any_DOMAIN,3,1285,80,15,32.810758,6652,82,81.1219512195122,1.2453199293801114
delete_COMMENT_from_MODEL,1,322,20,12,7.503412,1296,22,58.90909090909091,1.3339550885556744
delete_Class_from_Domain,1,322,20,11,6.995866,1306,22,59.36363636363637,1.3193897045649572
delete_Class_from_Domain,1,322,40,15,7.361013,2124,42,50.57142857142857,1.5315243581850688
delete_Class_from_Domain,1,322,60,11,7.308739,2201,62,35.5,1.3256946723091874
delete_Class_from_Domain,1,322,60,12,7.386651,2326,62,37.516129032258064,1.348818299364161
delete_Class_from_Domain,1,322,60,13,7.062901,2247,62,36.24193548387097,1.2824288085882354
delete_Class_from_Domain,1,322,60,14,7.705082,2268,62,36.58064516129032,1.430336662953338
delete_Class_from_Domain,1,322,60,15,7.354954,2223,62,35.854838709677416,1.3371887516905863
delete_Class_from_Domain,1,322,80,11,7.578797,2312,82,28.195121951219512,1.3712164566303864
delete_Class_from_Domain,1,322,80,12,7.760139,2327,82,28.378048780487806,1.428465794471384
delete_Class_from_Domain,1,322,80,13,9.108729,2332,82,28.4390243902439,1.3645371573668699
delete_Class_from_Domain,1,322,80,14,7.31144,2322,82,28.317073170731707,1.361513406776022
delete_Class_from_Domain,1,322,20,12,7.242643,1295,22,58.86363636363637,1.2909841266898767
delete_Class_from_Domain,1,322,80,15,8.749186,2305,82,28.109756097560975,1.1681449414217606
delete_Class_from_Domain,1,322,20,13,7.640322,1371,22,62.31818181818182,1.3550766676805666
delete_Class_from_Domain,1,322,20,14,7.998252,1379,22,62.68181818181818,1.1610601576570725
delete_Class_from_Domain,1,322,20,15,7.321867,1418,22,64.45454545454545,1.386821246441968
delete_Class_from_Domain,1,322,40,11,6.962792,1926,42,45.857142857142854,1.1771765313727003
delete_Class_from_Domain,1,322,40,12,9.861586,1925,42,45.833333333333336,1.4027551312880016
delete_Class_from_Domain,1,322,40,13,9.255985,1998,42,47.57142857142857,1.6560784942400368
delete_Class_from_Domain,1,322,40,14,8.113718,2147,42,51.11904761904762,1.472486378029464
create_Transition_in_any_Region,1,322,20,11,7.78757,0,2,0.0,1.2809388148523417
create_Transition_in_any_Region,1,322,20,11,7.369263,1316,22,59.81818181818182,1.2856068461834766
create_COMMENT_in_any_DOMAIN,1,322,20,11,7.159707,1310,22,59.54545454545455,1.4983293780841527
delete_Domain_from_Model,1,322,20,11,7.552315,1307,22,59.40909090909091,1.5542333187218447
delete_Transition_from_Region,1,322,20,11,7.141659,1305,22,59.31818181818182,1.2611466351629839
