Transformation Name, Clone Number, Input Size, Feature Number, Rules per Feature, Runtime, Clauses, Variables, Clauses/Variables, Slow-down Ratio
modify_Transition_in_Region,1,322,20,13,13.134249,722,2,361.0,1.0
modify_Transition_in_Region,2,643,100,13,24.339954,1600,2,800.0,1.0
modify_Transition_in_Region,3,1285,20,13,52.045745,3049,2,1524.5,1.0
modify_Transition_in_Region,3,1285,40,13,52.082199,3072,2,1536.0,1.0
modify_Transition_in_Region,3,1285,60,13,52.829087,3093,2,1546.5,1.0
modify_Transition_in_Region,3,1285,80,13,50.758258999999995,3139,2,1569.5,1.0
modify_Transition_in_Region,3,1285,100,13,52.627404999999996,3124,2,1562.0,1.0
modify_Transition_in_Region,4,2569,20,13,134.425923,6052,2,3026.0,1.0
modify_Transition_in_Region,4,2569,40,13,133.01131700000002,6063,2,3031.5,1.0
modify_Transition_in_Region,4,2569,60,13,134.620591,6105,2,3052.5,1.0
modify_Transition_in_Region,4,2569,80,13,130.47798799999998,6151,2,3075.5,1.0
modify_Transition_in_Region,1,322,40,13,12.940065,746,2,373.0,1.0
modify_Transition_in_Region,4,2569,100,13,130.464582,6198,2,3099.0,1.0
modify_Transition_in_Region,1,322,60,13,13.516568,798,2,399.0,1.0
modify_Transition_in_Region,1,322,80,13,13.601249,776,2,388.0,1.0
modify_Transition_in_Region,1,322,100,13,13.315145000000001,785,2,392.5,1.0
modify_Transition_in_Region,2,643,20,13,22.846284,1543,2,771.5,1.0
modify_Transition_in_Region,2,643,40,13,22.01013,1567,2,783.5,1.0
modify_Transition_in_Region,2,643,60,13,23.602882,1587,2,793.5,1.0
modify_Transition_in_Region,2,643,80,13,23.654192000000002,1601,2,800.5,1.0
modify_Domain_in_Model,1,322,20,13,11.046575,366,2,183.0,1.0
modify_Domain_in_Model,2,643,100,13,22.382748,1449,2,724.5,1.0
modify_Domain_in_Model,3,1285,20,13,50.036292,2922,2,1461.0,1.0
modify_Domain_in_Model,3,1285,40,13,49.832007000000004,2923,2,1461.5,1.0
modify_Domain_in_Model,3,1285,60,13,51.966196999999994,2910,2,1455.0,1.0
modify_Domain_in_Model,3,1285,80,13,48.889743,2905,2,1452.5,1.0
modify_Domain_in_Model,3,1285,100,13,49.431909000000005,2889,2,1444.5,1.0
modify_Domain_in_Model,4,2569,20,13,134.76426600000002,5859,2,2929.5,1.0
modify_Domain_in_Model,4,2569,40,13,131.500301,5848,2,2924.0,1.0
modify_Domain_in_Model,4,2569,60,13,126.192631,5838,2,2919.0,1.0
modify_Domain_in_Model,4,2569,80,13,125.485225,5848,2,2924.0,1.0
modify_Domain_in_Model,1,322,40,13,10.847591999999999,365,2,182.5,1.0
modify_Domain_in_Model,4,2569,100,13,123.561849,5837,2,2918.5,1.0
modify_Domain_in_Model,1,322,60,13,11.056101,398,2,199.0,1.0
modify_Domain_in_Model,1,322,80,13,11.312292,399,2,199.5,1.0
modify_Domain_in_Model,1,322,100,13,11.028058000000001,405,2,202.5,1.0
modify_Domain_in_Model,2,643,20,13,23.599314,1462,2,731.0,1.0
modify_Domain_in_Model,2,643,40,13,21.892499,1458,2,729.0,1.0
modify_Domain_in_Model,2,643,60,13,21.478946,1460,2,730.0,1.0
modify_Domain_in_Model,2,643,80,13,22.118028000000002,1449,2,724.5,1.0
modify_Class_from_Domain,1,322,20,13,13.527552,679,2,339.5,1.0
modify_Class_from_Domain,2,643,100,13,22.814985,1455,2,727.5,1.0
modify_Class_from_Domain,3,1285,20,13,50.473376,2932,2,1466.0,1.0
modify_Class_from_Domain,3,1285,40,13,50.24969299999999,2933,2,1466.5,1.0
modify_Class_from_Domain,3,1285,60,13,50.418493,2920,2,1460.0,1.0
modify_Class_from_Domain,3,1285,80,13,50.907431,2915,2,1457.5,1.0
modify_Class_from_Domain,3,1285,100,13,50.97517,2899,2,1449.5,1.0
modify_Class_from_Domain,4,2569,20,13,134.015425,5877,2,2938.5,1.0
modify_Class_from_Domain,4,2569,40,13,127.188294,5866,2,2933.0,1.0
modify_Class_from_Domain,4,2569,60,13,126.334204,5856,2,2928.0,1.0
modify_Class_from_Domain,4,2569,80,13,129.373466,5866,2,2933.0,1.0
modify_Class_from_Domain,1,322,40,13,12.653288,680,2,340.0,1.0
modify_Class_from_Domain,4,2569,100,13,126.41691399999999,5855,2,2927.5,1.0
modify_Class_from_Domain,1,322,60,13,12.355281,677,2,338.5,1.0
modify_Class_from_Domain,1,322,80,13,13.219237,678,2,339.0,1.0
modify_Class_from_Domain,1,322,100,13,12.360818,673,2,336.5,1.0
modify_Class_from_Domain,2,643,20,13,22.897872999999997,1468,2,734.0,1.0
modify_Class_from_Domain,2,643,40,13,22.438078,1464,2,732.0,1.0
modify_Class_from_Domain,2,643,60,13,21.849191,1466,2,733.0,1.0
modify_Class_from_Domain,2,643,80,13,22.229769,1455,2,727.5,1.0
modify_Comment_in_Model,1,322,20,13,13.246652999999998,685,2,342.5,1.0
modify_Comment_in_Model,2,643,100,13,22.345166,1449,2,724.5,1.0
modify_Comment_in_Model,3,1285,20,13,51.331193,2922,2,1461.0,1.0
modify_Comment_in_Model,3,1285,40,13,50.264727,2923,2,1461.5,1.0
modify_Comment_in_Model,3,1285,60,13,49.361093,2910,2,1455.0,1.0
modify_Comment_in_Model,3,1285,80,13,48.02035,2905,2,1452.5,1.0
modify_Comment_in_Model,3,1285,100,13,49.397467,2889,2,1444.5,1.0
modify_Comment_in_Model,4,2569,20,13,129.167672,5859,2,2929.5,1.0
modify_Comment_in_Model,4,2569,40,13,125.997817,5848,2,2924.0,1.0
modify_Comment_in_Model,4,2569,60,13,131.27657399999998,5838,2,2919.0,1.0
modify_Comment_in_Model,4,2569,80,13,127.988032,5848,2,2924.0,1.0
modify_Comment_in_Model,1,322,40,13,13.127616,682,2,341.0,1.0
modify_Comment_in_Model,4,2569,100,13,124.52405999999999,5837,2,2918.5,1.0
modify_Comment_in_Model,1,322,60,13,13.094895999999999,681,2,340.5,1.0
modify_Comment_in_Model,1,322,80,13,13.193855,682,2,341.0,1.0
modify_Comment_in_Model,1,322,100,13,12.363018,675,2,337.5,1.0
modify_Comment_in_Model,2,643,20,13,20.973983,1462,2,731.0,1.0
modify_Comment_in_Model,2,643,40,13,22.621407,1458,2,729.0,1.0
modify_Comment_in_Model,2,643,60,13,22.241607000000002,1460,2,730.0,1.0
modify_Comment_in_Model,2,643,80,13,22.07642,1449,2,724.5,1.0
move_Transition_from_Region,1,322,20,13,13.137073000000001,722,2,361.0,1.0
move_Transition_from_Region,2,643,100,13,22.975071,1600,2,800.0,1.0
move_Transition_from_Region,3,1285,20,13,54.128819,3049,2,1524.5,1.0
move_Transition_from_Region,3,1285,40,13,51.364963,3072,2,1536.0,1.0
move_Transition_from_Region,3,1285,60,13,51.859884,3093,2,1546.5,1.0
move_Transition_from_Region,3,1285,80,13,51.883978,3139,2,1569.5,1.0
move_Transition_from_Region,3,1285,100,13,52.030215,3124,2,1562.0,1.0
move_Transition_from_Region,4,2569,20,13,135.212256,6052,2,3026.0,1.0
move_Transition_from_Region,4,2569,40,13,130.81327399999998,6063,2,3031.5,1.0
move_Transition_from_Region,4,2569,60,13,135.551151,6105,2,3052.5,1.0
move_Transition_from_Region,4,2569,80,13,151.994924,6151,2,3075.5,1.0
move_Transition_from_Region,1,322,40,13,13.916103,746,2,373.0,1.0
move_Transition_from_Region,4,2569,100,13,132.205005,6198,2,3099.0,1.0
move_Transition_from_Region,1,322,60,13,13.946651,798,2,399.0,1.0
move_Transition_from_Region,1,322,80,13,13.91,776,2,388.0,1.0
move_Transition_from_Region,1,322,100,13,13.76954,785,2,392.5,1.0
move_Transition_from_Region,2,643,20,13,22.814993,1543,2,771.5,1.0
move_Transition_from_Region,2,643,40,13,23.32516,1567,2,783.5,1.0
move_Transition_from_Region,2,643,60,13,23.654041,1587,2,793.5,1.0
move_Transition_from_Region,2,643,80,13,23.34467,1601,2,800.5,1.0
move_Domain_from_Model,1,322,20,13,10.927426,366,2,183.0,1.0
move_Domain_from_Model,2,643,100,13,22.302514,1449,2,724.5,1.0
move_Domain_from_Model,3,1285,20,13,50.481246,2922,2,1461.0,1.0
move_Domain_from_Model,3,1285,40,13,49.3637,2923,2,1461.5,1.0
move_Domain_from_Model,3,1285,60,13,49.561401000000004,2910,2,1455.0,1.0
move_Domain_from_Model,3,1285,80,13,49.313393,2905,2,1452.5,1.0
move_Domain_from_Model,3,1285,100,13,50.577416,2889,2,1444.5,1.0
move_Domain_from_Model,4,2569,20,13,131.752932,5859,2,2929.5,1.0
move_Domain_from_Model,4,2569,40,13,124.88634099999999,5848,2,2924.0,1.0
move_Domain_from_Model,4,2569,60,13,127.90040400000001,5838,2,2919.0,1.0
move_Domain_from_Model,4,2569,80,13,124.877366,5848,2,2924.0,1.0
move_Domain_from_Model,1,322,40,13,10.759803999999999,365,2,182.5,1.0
move_Domain_from_Model,4,2569,100,13,125.271964,5837,2,2918.5,1.0
move_Domain_from_Model,1,322,60,13,10.860559,398,2,199.0,1.0
move_Domain_from_Model,1,322,80,13,10.751891,399,2,199.5,1.0
move_Domain_from_Model,1,322,100,13,11.128589,405,2,202.5,1.0
move_Domain_from_Model,2,643,20,13,21.617843999999998,1462,2,731.0,1.0
move_Domain_from_Model,2,643,40,13,21.692733,1458,2,729.0,1.0
move_Domain_from_Model,2,643,60,13,21.6094,1460,2,730.0,1.0
move_Domain_from_Model,2,643,80,13,22.565061999999998,1449,2,724.5,1.0
move_Class_from_Domain,1,322,20,13,13.178180000000001,679,2,339.5,1.0
move_Class_from_Domain,2,643,100,13,22.061675,1455,2,727.5,1.0
move_Class_from_Domain,3,1285,20,13,51.278292,2932,2,1466.0,1.0
move_Class_from_Domain,3,1285,40,13,50.224822,2933,2,1466.5,1.0
move_Class_from_Domain,3,1285,60,13,49.28143300000001,2920,2,1460.0,1.0
move_Class_from_Domain,3,1285,80,13,49.331304,2915,2,1457.5,1.0
move_Class_from_Domain,3,1285,100,13,48.424726,2899,2,1449.5,1.0
move_Class_from_Domain,4,2569,20,13,130.151375,5877,2,2938.5,1.0
move_Class_from_Domain,4,2569,40,13,124.526929,5866,2,2933.0,1.0
move_Class_from_Domain,4,2569,60,13,127.98312100000001,5856,2,2928.0,1.0
move_Class_from_Domain,4,2569,80,13,125.950755,5866,2,2933.0,1.0
move_Class_from_Domain,1,322,40,13,12.941431999999999,680,2,340.0,1.0
move_Class_from_Domain,4,2569,100,13,127.55558200000002,5855,2,2927.5,1.0
move_Class_from_Domain,1,322,60,13,13.060618999999999,677,2,338.5,1.0
move_Class_from_Domain,1,322,80,13,13.270463,678,2,339.0,1.0
move_Class_from_Domain,1,322,100,13,13.059463999999998,673,2,336.5,1.0
move_Class_from_Domain,2,643,20,13,22.502973,1468,2,734.0,1.0
move_Class_from_Domain,2,643,40,13,22.138238,1464,2,732.0,1.0
move_Class_from_Domain,2,643,60,13,22.013984,1466,2,733.0,1.0
move_Class_from_Domain,2,643,80,13,22.175418999999998,1455,2,727.5,1.0
move_Comment_from_Model,1,322,20,13,12.92886,685,2,342.5,1.0
move_Comment_from_Model,2,643,100,13,22.857613,1449,2,724.5,1.0
move_Comment_from_Model,3,1285,20,13,51.068634,2922,2,1461.0,1.0
move_Comment_from_Model,3,1285,40,13,48.664763,2923,2,1461.5,1.0
move_Comment_from_Model,3,1285,60,13,48.76274,2910,2,1455.0,1.0
move_Comment_from_Model,3,1285,80,13,48.447969,2905,2,1452.5,1.0
move_Comment_from_Model,3,1285,100,13,49.627095,2889,2,1444.5,1.0
move_Comment_from_Model,4,2569,20,13,129.74056099999999,5859,2,2929.5,1.0
move_Comment_from_Model,4,2569,40,13,126.31353,5848,2,2924.0,1.0
move_Comment_from_Model,4,2569,60,13,127.683311,5838,2,2919.0,1.0
move_Comment_from_Model,4,2569,80,13,125.662498,5848,2,2924.0,1.0
move_Comment_from_Model,1,322,40,13,12.798377,682,2,341.0,1.0
move_Comment_from_Model,4,2569,100,13,123.379827,5837,2,2918.5,1.0
move_Comment_from_Model,1,322,60,13,13.191497,681,2,340.5,1.0
move_Comment_from_Model,1,322,80,13,14.427147,682,2,341.0,1.0
move_Comment_from_Model,1,322,100,13,13.246203999999999,675,2,337.5,1.0
move_Comment_from_Model,2,643,20,13,22.689578,1462,2,731.0,1.0
move_Comment_from_Model,2,643,40,13,21.913539,1458,2,729.0,1.0
move_Comment_from_Model,2,643,60,13,22.977087,1460,2,730.0,1.0
move_Comment_from_Model,2,643,80,13,23.074586,1449,2,724.5,1.0
