Transformation Name, Clone Number, Input Size, Feature Number, Rules per Feature, Runtime, Clauses, Variables, Clauses/Variables, Slow-down Ratio
modify_Transition_in_Region,1,322,20,13,15.281883,2128,22,96.72727272727273,1.1635140311410268
modify_Transition_in_Region,2,643,100,13,28.566915,22237,102,218.00980392156862,1.1736634752884085
modify_Transition_in_Region,3,1285,20,13,57.303153,6578,22,299.0,1.1010151358194604
modify_Transition_in_Region,3,1285,40,13,59.191046,7636,42,181.8095238095238,1.1364928351047543
modify_Transition_in_Region,3,1285,60,13,59.796618,8587,62,138.5,1.1318881585063167
modify_Transition_in_Region,3,1285,80,13,64.529372,9353,82,114.0609756097561,1.2713078279536736
modify_Transition_in_Region,3,1285,100,13,68.58946800000001,10093,102,98.95098039215686,1.3033032504642783
modify_Transition_in_Region,4,2569,20,13,146.229525,12347,22,561.2272727272727,1.087807483382502
modify_Transition_in_Region,4,2569,40,13,153.544731,13386,42,318.7142857142857,1.1543734357581017
modify_Transition_in_Region,4,2569,60,13,158.327091,14431,62,232.75806451612902,1.1760986177812873
modify_Transition_in_Region,4,2569,80,13,174.96609,15485,82,188.84146341463415,1.3409625077909695
modify_Transition_in_Region,1,322,40,13,15.316556,2888,42,68.76190476190476,1.1836537142587769
modify_Transition_in_Region,4,2569,100,13,187.08272,16412,102,160.90196078431373,1.4339732449378482
modify_Transition_in_Region,1,322,60,13,16.156696,9347,62,150.75806451612902,1.1953253222267666
modify_Transition_in_Region,1,322,80,13,15.813202,9196,82,112.14634146341463,1.1626286674113533
modify_Transition_in_Region,1,322,100,13,15.919518,9772,102,95.80392156862744,1.1955947907439235
modify_Transition_in_Region,2,643,20,13,27.481354,3676,22,167.0909090909091,1.2028806960466742
modify_Transition_in_Region,2,643,40,13,28.147861,4499,42,107.11904761904762,1.2788593706625084
modify_Transition_in_Region,2,643,60,13,29.531824,5165,62,83.30645161290323,1.2511956802563347
modify_Transition_in_Region,2,643,80,13,31.589826000000002,5860,82,71.46341463414635,1.3354853127090538
modify_Domain_in_Model,1,322,20,13,14.764445,1214,22,55.18181818181818,1.3365631428746014
modify_Domain_in_Model,2,643,100,13,29.229588999999997,5983,102,58.65686274509804,1.3058981408359687
modify_Domain_in_Model,3,1285,20,13,59.371925000000005,6450,22,293.1818181818182,1.1865772347799073
modify_Domain_in_Model,3,1285,40,13,57.203972,7480,42,178.0952380952381,1.1479363454094875
modify_Domain_in_Model,3,1285,60,13,55.726557,8403,62,135.53225806451613,1.072361654634839
modify_Domain_in_Model,3,1285,80,13,59.185105,9085,82,110.79268292682927,1.2105832710145357
modify_Domain_in_Model,3,1285,100,13,61.835657,9809,102,96.16666666666667,1.2509259353103275
modify_Domain_in_Model,4,2569,20,13,144.896548,12153,22,552.4090909090909,1.075185227514243
modify_Domain_in_Model,4,2569,40,13,151.32676199999997,13170,42,313.57142857142856,1.1507712214286108
modify_Domain_in_Model,4,2569,60,13,154.236413,14144,62,228.1290322580645,1.2222299493858717
modify_Domain_in_Model,4,2569,80,13,167.298011,15150,82,184.7560975609756,1.3332088379329121
modify_Domain_in_Model,1,322,40,13,14.365764,1495,42,35.595238095238095,1.3243274636435443
modify_Domain_in_Model,4,2569,100,13,178.523156,16019,102,157.04901960784315,1.4448080653114863
modify_Domain_in_Model,1,322,60,13,14.228276000000001,1840,62,29.677419354838708,1.286916246514029
modify_Domain_in_Model,1,322,80,13,14.452983,1876,82,22.878048780487806,1.277635248453629
modify_Domain_in_Model,1,322,100,13,14.518360000000001,1933,102,18.95098039215686,1.3164928947598933
modify_Domain_in_Model,2,643,20,13,25.824941,3563,22,161.95454545454547,1.0943089701675226
modify_Domain_in_Model,2,643,40,13,26.524089,4371,42,104.07142857142857,1.211560589770953
modify_Domain_in_Model,2,643,60,13,27.728878,5030,62,81.12903225806451,1.2909794549509088
modify_Domain_in_Model,2,643,80,13,30.122306000000002,5661,82,69.03658536585365,1.361889314906374
modify_Class_from_Domain,1,322,20,13,14.923623,2043,22,92.86363636363636,1.1032020427642784
modify_Class_from_Domain,2,643,100,13,29.195134,5992,102,58.745098039215684,1.2796473019815704
modify_Class_from_Domain,3,1285,20,13,58.490954,6463,22,293.77272727272725,1.1588476665400784
modify_Class_from_Domain,3,1285,40,13,63.9182,7493,42,178.4047619047619,1.2720117513951779
modify_Class_from_Domain,3,1285,60,13,67.407089,8416,62,135.74193548387098,1.336951681598258
modify_Class_from_Domain,3,1285,80,13,67.14954800000001,9098,82,110.95121951219512,1.319051986732546
modify_Class_from_Domain,3,1285,100,13,67.09722400000001,9820,102,96.27450980392157,1.3162726872710775
modify_Class_from_Domain,4,2569,20,13,152.976785,12174,22,553.3636363636364,1.1414863997931581
modify_Class_from_Domain,4,2569,40,13,160.81072999999998,13191,42,314.07142857142856,1.2643516548779243
modify_Class_from_Domain,4,2569,60,13,163.786995,14165,62,228.46774193548387,1.2964580439355915
modify_Class_from_Domain,4,2569,80,13,167.014826,15171,82,185.0121951219512,1.2909511599542367
modify_Class_from_Domain,1,322,40,13,14.920684999999999,2660,42,63.333333333333336,1.1791942932145383
modify_Class_from_Domain,4,2569,100,13,174.797426,16040,102,157.2549019607843,1.3827060040399342
modify_Class_from_Domain,1,322,60,13,14.694659,2895,62,46.693548387096776,1.18934235490071
modify_Class_from_Domain,1,322,80,13,15.076872999999999,2983,82,36.3780487804878,1.140525205804238
modify_Class_from_Domain,1,322,100,13,15.074031,3000,102,29.41176470588235,1.2195010880347885
modify_Class_from_Domain,2,643,20,13,26.434894,3572,22,162.36363636363637,1.1544694129450366
modify_Class_from_Domain,2,643,40,13,26.397108,4380,42,104.28571428571429,1.176442474261833
modify_Class_from_Domain,2,643,60,13,27.426764,5040,62,81.29032258064517,1.2552759504917137
modify_Class_from_Domain,2,643,80,13,29.60248,5668,82,69.1219512195122,1.3316593618224282
modify_Comment_in_Model,1,322,20,13,14.597316,2057,22,93.5,1.101962586322749
modify_Comment_in_Model,2,643,100,13,28.192579000000002,5983,102,58.65686274509804,1.26168581607315
modify_Comment_in_Model,3,1285,20,13,62.228803,6450,22,293.1818181818182,1.2122999557013998
modify_Comment_in_Model,3,1285,40,13,64.108766,7480,42,178.0952380952381,1.2754225443221845
modify_Comment_in_Model,3,1285,60,13,60.519814,8403,62,135.53225806451613,1.226063085758656
modify_Comment_in_Model,3,1285,80,13,68.601896,9085,82,110.79268292682927,1.4286004995798656
modify_Comment_in_Model,3,1285,100,13,69.52228600000001,9809,102,96.16666666666667,1.4074058898607091
modify_Comment_in_Model,4,2569,20,13,154.595566,12153,22,552.4090909090909,1.1968595826361257
modify_Comment_in_Model,4,2569,40,13,147.531191,13170,42,313.57142857142856,1.170902754608836
modify_Comment_in_Model,4,2569,60,13,155.917201,14144,62,228.1290322580645,1.1877001071036484
modify_Comment_in_Model,4,2569,80,13,165.410314,15150,82,184.7560975609756,1.2923889164886917
modify_Comment_in_Model,1,322,40,13,13.851958,2675,42,63.69047619047619,1.055176964347525
modify_Comment_in_Model,4,2569,100,13,167.71267999999998,16019,102,157.04901960784315,1.346829520335267
modify_Comment_in_Model,1,322,60,13,14.284713,2924,62,47.16129032258065,1.0908611263502972
modify_Comment_in_Model,1,322,80,13,13.753539,3012,82,36.73170731707317,1.0424200508494297
modify_Comment_in_Model,1,322,100,13,14.10218,3015,102,29.558823529411764,1.140674550502151
modify_Comment_in_Model,2,643,20,13,23.484541999999998,3563,22,161.95454545454547,1.1196987238904503
modify_Comment_in_Model,2,643,40,13,24.175131999999998,4370,42,104.04761904761905,1.0686838356252553
modify_Comment_in_Model,2,643,60,13,25.579957,5030,62,81.12903225806451,1.1500948200370593
modify_Comment_in_Model,2,643,80,13,26.553628,5659,82,69.01219512195122,1.2028049837790729
move_Transition_from_Region,1,322,20,13,13.852694,2128,22,96.72727272727273,1.054473397536879
move_Transition_from_Region,2,643,100,13,28.451959000000002,22237,102,218.00980392156862,1.2383839423173058
move_Transition_from_Region,3,1285,20,13,55.876763,6578,22,299.0,1.0322922988583956
move_Transition_from_Region,3,1285,40,13,58.401992,7636,42,181.8095238095238,1.1370005659305156
move_Transition_from_Region,3,1285,60,13,61.526397,8587,62,138.5,1.1863967339379318
move_Transition_from_Region,3,1285,80,13,64.744203,9353,82,114.0609756097561,1.2478650538322253
move_Transition_from_Region,3,1285,100,13,69.514096,10093,102,98.95098039215686,1.336033226078347
move_Transition_from_Region,4,2569,20,13,144.381103,12347,22,561.2272727272727,1.0678107685741152
move_Transition_from_Region,4,2569,40,13,153.623317,13386,42,318.7142857142857,1.1743710122261752
move_Transition_from_Region,4,2569,60,13,161.293586,14431,62,232.75806451612902,1.1899093796702618
move_Transition_from_Region,4,2569,80,13,169.67414000000002,15485,82,188.84146341463415,1.116314515871596
move_Transition_from_Region,1,322,40,13,14.27934,2888,42,68.76190476190476,1.0261019194813374
move_Transition_from_Region,4,2569,100,13,172.820029,16412,102,160.90196078431373,1.3072124538704113
move_Transition_from_Region,1,322,60,13,14.366003,9347,62,150.75806451612902,1.030068293814766
move_Transition_from_Region,1,322,80,13,14.27469,9196,82,112.14634146341463,1.0262178289000718
move_Transition_from_Region,1,322,100,13,15.189785,9772,102,95.80392156862744,1.1031439684985846
move_Transition_from_Region,2,643,20,13,25.65156,3676,22,167.0909090909091,1.1243290760597646
move_Transition_from_Region,2,643,40,13,24.96477,4499,42,107.11904761904762,1.0702936228518904
move_Transition_from_Region,2,643,60,13,27.002519,5165,62,83.30645161290323,1.141560505454438
move_Transition_from_Region,2,643,80,13,28.496211,5860,82,71.46341463414635,1.2206731129632589
move_Domain_from_Model,1,322,20,13,13.427476,1214,22,55.18181818181818,1.228786724339291
move_Domain_from_Model,2,643,100,13,26.459446,5983,102,58.65686274509804,1.1863884941401674
move_Domain_from_Model,3,1285,20,13,54.170676,6450,22,293.1818181818182,1.0730851611705463
move_Domain_from_Model,3,1285,40,13,57.552934,7480,42,178.0952380952381,1.1658958708524685
move_Domain_from_Model,3,1285,60,13,57.642632000000006,8403,62,135.53225806451613,1.1630549346254357
move_Domain_from_Model,3,1285,80,13,64.49753,9085,82,110.79268292682927,1.3079110171956734
move_Domain_from_Model,3,1285,100,13,61.067925,9809,102,96.16666666666667,1.2074148865177297
move_Domain_from_Model,4,2569,20,13,147.04691,12153,22,552.4090909090909,1.1160807411860862
move_Domain_from_Model,4,2569,40,13,147.247254,13170,42,313.57142857142856,1.179050109250939
move_Domain_from_Model,4,2569,60,13,158.575031,14144,62,228.1290322580645,1.239832135323044
move_Domain_from_Model,4,2569,80,13,162.859207,15150,82,184.7560975609756,1.3041531241137805
move_Domain_from_Model,1,322,40,13,13.121110999999999,1495,42,35.595238095238095,1.2194563209515712
move_Domain_from_Model,4,2569,100,13,166.35421,16019,102,157.04901960784315,1.3279444553132416
move_Domain_from_Model,1,322,60,13,13.703803,1840,62,29.677419354838708,1.261795364308596
move_Domain_from_Model,1,322,80,13,13.327628,1876,82,22.878048780487806,1.2395613013561986
move_Domain_from_Model,1,322,100,13,13.621880999999998,1933,102,18.95098039215686,1.2240438567728575
move_Domain_from_Model,2,643,20,13,24.299962999999998,3563,22,161.95454545454547,1.1240696805842434
move_Domain_from_Model,2,643,40,13,24.018799,4371,42,104.07142857142857,1.1072278905567132
move_Domain_from_Model,2,643,60,13,25.537303,5030,62,81.12903225806451,1.1817682582579803
move_Domain_from_Model,2,643,80,13,26.566772999999998,5661,82,69.03658536585365,1.1773410150612482
move_Class_from_Domain,1,322,20,13,13.770263,2043,22,92.86363636363636,1.0449290417948456
move_Class_from_Domain,2,643,100,13,26.841609,5992,102,58.745098039215684,1.2166623341156098
move_Class_from_Domain,3,1285,20,13,59.932036,6463,22,293.77272727272725,1.1687603791483538
move_Class_from_Domain,3,1285,40,13,57.26162,7493,42,178.4047619047619,1.14010598185893
move_Class_from_Domain,3,1285,60,13,56.377590999999995,8416,62,135.74193548387098,1.143992525542023
move_Class_from_Domain,3,1285,80,13,65.657112,9098,82,110.95121951219512,1.3309421538907626
move_Class_from_Domain,3,1285,100,13,64.068125,9820,102,96.27450980392157,1.3230456895099416
move_Class_from_Domain,4,2569,20,13,142.777524,12174,22,553.3636363636364,1.0970112609259794
move_Class_from_Domain,4,2569,40,13,153.37019400000003,13191,42,314.07142857142856,1.2316227119035437
move_Class_from_Domain,4,2569,60,13,161.106812,14165,62,228.46774193548387,1.2588129648752664
move_Class_from_Domain,4,2569,80,13,167.417301,15171,82,185.0121951219512,1.3292282448009145
move_Class_from_Domain,1,322,40,13,13.475287999999999,2660,42,63.333333333333336,1.0412516945574493
move_Class_from_Domain,4,2569,100,13,171.815282,16040,102,157.2549019607843,1.346983638865761
move_Class_from_Domain,1,322,60,13,14.549383,2895,62,46.693548387096776,1.1139887780203988
move_Class_from_Domain,1,322,80,13,14.107126,2983,82,36.3780487804878,1.063047008985293
move_Class_from_Domain,1,322,100,13,14.286728,3000,102,29.41176470588235,1.0939750666642982
move_Class_from_Domain,2,643,20,13,23.884858,3572,22,162.36363636363637,1.0614089969356493
move_Class_from_Domain,2,643,40,13,25.610032,4380,42,104.28571428571429,1.1568234111495233
move_Class_from_Domain,2,643,60,13,24.903081999999998,5040,62,81.29032258064517,1.1312392159456461
move_Class_from_Domain,2,643,80,13,26.603469,5668,82,69.1219512195122,1.1996828109538766
move_Comment_from_Model,1,322,20,13,13.309021,2057,22,93.5,1.029404061920386
move_Comment_from_Model,2,643,100,13,26.261006000000002,5983,102,58.65686274509804,1.1488953811581288
move_Comment_from_Model,3,1285,20,13,54.126605,6450,22,293.1818181818182,1.0598796317912085
move_Comment_from_Model,3,1285,40,13,57.798591,7480,42,178.0952380952381,1.1876887389752622
move_Comment_from_Model,3,1285,60,13,61.88156,8403,62,135.53225806451613,1.2690336925283525
move_Comment_from_Model,3,1285,80,13,61.949554000000006,9085,82,110.79268292682927,1.2786821672545243
move_Comment_from_Model,3,1285,100,13,62.695167,9809,102,96.16666666666667,1.263325346768736
move_Comment_from_Model,4,2569,20,13,143.941507,12153,22,552.4090909090909,1.1094564867805683
move_Comment_from_Model,4,2569,40,13,149.59088500000001,13170,42,313.57142857142856,1.1842823567673235
move_Comment_from_Model,4,2569,60,13,153.10923200000002,14144,62,228.1290322580645,1.1991326885312366
move_Comment_from_Model,4,2569,80,13,162.15921,15150,82,184.7560975609756,1.290434398335771
move_Comment_from_Model,1,322,40,13,13.442217,2675,42,63.69047619047619,1.0503063786916107
move_Comment_from_Model,4,2569,100,13,164.026175,16019,102,157.04901960784315,1.3294407926183913
move_Comment_from_Model,1,322,60,13,14.097809999999999,2924,62,47.16129032258065,1.06870433279862
move_Comment_from_Model,1,322,80,13,13.34889,3012,82,36.73170731707317,0.9252619384830557
move_Comment_from_Model,1,322,100,13,14.280905,3015,102,29.558823529411764,1.0781130201527926
move_Comment_from_Model,2,643,20,13,24.016239,3563,22,161.95454545454547,1.0584700605714217
move_Comment_from_Model,2,643,40,13,23.480522,4370,42,104.04761904761905,1.0715075278347328
move_Comment_from_Model,2,643,60,13,25.814259,5030,62,81.12903225806451,1.123478315593269
move_Comment_from_Model,2,643,80,13,27.078398,5659,82,69.01219512195122,1.1735160925530799
