#
# A fatal error has been detected by the Java Runtime Environment:
#
#  SIGSEGV (0xb) at pc=0x00007fcb9f86c560, pid=239, tid=0x00007fcb82fb0700
#
# JRE version: Java(TM) SE Runtime Environment (8.0_131-b11) (build 1.8.0_131-b11)
# Java VM: Java HotSpot(TM) 64-Bit Server VM (25.131-b11 mixed mode linux-amd64 compressed oops)
# Problematic frame:
# C  [libc.so.6+0x8c560]  memset+0xa0
#
# Core dump written. Default location: /mnt/c/Personal/Work/CSC494/liftedEclipse/DSLTransLifting-master/core or core.239
#
# If you would like to submit a bug report, please visit:
#   http://bugreport.java.com/bugreport/crash.jsp
#

---------------  T H R E A D  ---------------

Current thread (0x00007fcb980b9800):  JavaThread "C2 CompilerThread0" daemon [_thread_in_native, id=255, stack(0x00007fcb82eb0000,0x00007fcb82fb1000)]

siginfo: si_signo: 11 (SIGSEGV), si_code: 2 (SEGV_ACCERR), si_addr: 0x00007fcb5a606000

Registers:
RAX=0x00007fcb5a5e00c0, RBX=0x0000000000000016, RCX=0x00007fcb5a606000, RDX=0x00007fcb5a6200c0
RSP=0x00007fcb82fabe98, RBP=0x00007fcb82fabee0, RSI=0x0000000000000000, RDI=0x00007fcb5a5e00c0
R8 =0x00007fcb5a5e00b0, R9 =0x0000000001e5ac40, R10=0x0000000000000017, R11=0x00007fcb9f96aeb0
R12=0x0000000000008000, R13=0x00007fcb5909c8b0, R14=0x00007fcb82fadde0, R15=0x00007fcb5a598a88
RIP=0x00007fcb9f86c560, EFLAGS=0x0000000000010206, CSGSFS=0x00000053002b0033, ERR=0x0000000000000000
  TRAPNO=0x0000000000000000

Top of Stack: (sp=0x00007fcb82fabe98)
0x00007fcb82fabe98:   00007fcb9f18eb3c 00007fcb9f794d20
0x00007fcb82fabea8:   000051ad00000016 00007fcb82fadcb0
0x00007fcb82fabeb8:   00007fcb58598530 00007fcb5a598a88
0x00007fcb82fabec8:   00007fcb59063ac8 00007fcb9f794d20
0x00007fcb82fabed8:   0000000000000016 00007fcb82fac400
0x00007fcb82fabee8:   00007fcb9f192f79 0000000000000001
0x00007fcb82fabef8:   00007fcb00000001 00007fcb82fac270
0x00007fcb82fabf08:   0000007700000077 0000000000000017
0x00007fcb82fabf18:   00007fcb00000076 0101010101010101
0x00007fcb82fabf28:   0101010101010101 0000000000000000
0x00007fcb82fabf38:   0000000000000000 00007fcb82fac290
0x00007fcb82fabf48:   00007fcb82fac250 00007fcb82fac270
0x00007fcb82fabf58:   00007fcb82fac330 00007fcb82fac2b0
0x00007fcb82fabf68:   00007fcb82fac370 00007fcb82fac1bc
0x00007fcb82fabf78:   00007fcb82fac350 00007fcb82fac310
0x00007fcb82fabf88:   00007fcb82fac2f0 00007fcb82fac2d0
0x00007fcb82fabf98:   00007fcb9f10af65 0000000c00007fe8
0x00007fcb82fabfa8:   00007fcb82fabfe0 0000000000000000
0x00007fcb82fabfb8:   000000000009c340 0000000000190e48
0x00007fcb82fabfc8:   00007fcb82fac5e0 00007fcb82fadcb0
0x00007fcb82fabfd8:   0000000000000077 00000000000003b8
0x00007fcb82fabfe8:   00007fcb5a2cf448 00007fcb5a2cf4c7
0x00007fcb82fabff8:   0000000000000000 0000000000000000
0x00007fcb82fac008:   0000000000000000 0000000000000000
0x00007fcb82fac018:   0000007882fac5b0 00007fcb58955420
0x00007fcb82fac028:   00007fcb58955460 00007fcb5a2823b0
0x00007fcb82fac038:   0100000000000660 00007fcb5909c8b0
0x00007fcb82fac048:   00007fcb9eacd55b 00007fcb5a281ff0
0x00007fcb82fac058:   00003dad00000218 00007fcb82fac000
0x00007fcb82fac068:   00007fcb9ee2a498 0000000000000000
0x00007fcb82fac078:   0000000200001628 0000000000000001
0x00007fcb82fac088:   0000000000000000 0000000100000002 

Instructions: (pc=0x00007fcb9f86c560)
0x00007fcb9f86c540:   0f 7f 47 30 f3 44 0f 7f 44 17 c0 48 01 fa 48 83
0x00007fcb9f86c550:   e2 c0 48 39 d1 74 a3 66 0f 1f 84 00 00 00 00 00
0x00007fcb9f86c560:   66 44 0f 7f 01 66 44 0f 7f 41 10 66 44 0f 7f 41
0x00007fcb9f86c570:   20 66 44 0f 7f 41 30 48 83 c1 40 48 39 ca 75 e0 

Register to memory mapping:

RAX=0x00007fcb5a5e00c0 is an unknown value
RBX=0x0000000000000016 is an unknown value
RCX=0x00007fcb5a606000 is an unknown value
RDX=0x00007fcb5a6200c0 is an unknown value
RSP=0x00007fcb82fabe98 is pointing into the stack for thread: 0x00007fcb980b9800
RBP=0x00007fcb82fabee0 is pointing into the stack for thread: 0x00007fcb980b9800
RSI=0x0000000000000000 is an unknown value
RDI=0x00007fcb5a5e00c0 is an unknown value
R8 =0x00007fcb5a5e00b0 is an unknown value
R9 =0x0000000001e5ac40 is an unknown value
R10=0x0000000000000017 is an unknown value
R11=0x00007fcb9f96aeb0: <offset 0x18aeb0> in /lib/x86_64-linux-gnu/libc.so.6 at 0x00007fcb9f7e0000
R12=0x0000000000008000 is an unknown value
R13=0x00007fcb5909c8b0 is an unknown value
R14=0x00007fcb82fadde0 is pointing into the stack for thread: 0x00007fcb980b9800
R15=0x00007fcb5a598a88 is an unknown value


Stack: [0x00007fcb82eb0000,0x00007fcb82fb1000],  sp=0x00007fcb82fabe98,  free space=1007k
Native frames: (J=compiled Java code, j=interpreted, Vv=VM code, C=native code)
C  [libc.so.6+0x8c560]  memset+0xa0
V  [libjvm.so+0x9a5f79]
V  [libjvm.so+0x40f7e4]
V  [libjvm.so+0x4a3d20]
V  [libjvm.so+0x4a65a1]
V  [libjvm.so+0x3f2ef5]
V  [libjvm.so+0x4b0aea]
V  [libjvm.so+0x4b1a96]
V  [libjvm.so+0xa76833]
V  [libjvm.so+0xa7697c]
V  [libjvm.so+0x927568]
C  [libpthread.so.0+0x8184]  start_thread+0xc4


Current CompileTask:
C2:1085649 3014 %     4       transformerProcessor.TransformationRule::performMatch @ 736 (1788 bytes)


---------------  P R O C E S S  ---------------

Java Threads: ( => current thread )
  0x00007fcb983a2800 JavaThread "EMF Reference Cleaner" daemon [_thread_blocked, id=278, stack(0x00007fcb82360000,0x00007fcb82461000)]
  0x00007fcb980c1000 JavaThread "Service Thread" daemon [_thread_blocked, id=258, stack(0x00007fcb82b80000,0x00007fcb82c81000)]
  0x00007fcb980be000 JavaThread "C1 CompilerThread2" daemon [_thread_blocked, id=257, stack(0x00007fcb82c90000,0x00007fcb82d91000)]
  0x00007fcb980bc800 JavaThread "C2 CompilerThread1" daemon [_thread_blocked, id=256, stack(0x00007fcb82da0000,0x00007fcb82ea1000)]
=>0x00007fcb980b9800 JavaThread "C2 CompilerThread0" daemon [_thread_in_native, id=255, stack(0x00007fcb82eb0000,0x00007fcb82fb1000)]
  0x00007fcb980b8000 JavaThread "Signal Dispatcher" daemon [_thread_blocked, id=254, stack(0x00007fcb82fc0000,0x00007fcb830c1000)]
  0x00007fcb98085000 JavaThread "Finalizer" daemon [_thread_blocked, id=253, stack(0x00007fcb83390000,0x00007fcb83491000)]
  0x00007fcb98080800 JavaThread "Reference Handler" daemon [_thread_blocked, id=252, stack(0x00007fcb834a0000,0x00007fcb835a1000)]
  0x00007fcb9800b000 JavaThread "main" [_thread_in_Java, id=242, stack(0x00007fcba0320000,0x00007fcba0421000)]

Other Threads:
  0x00007fcb98079000 VMThread [stack: 0x00007fcb835b0000,0x00007fcb836b1000] [id=251]
  0x00007fcb980c4000 WatcherThread [stack: 0x00007fcb82a70000,0x00007fcb82b71000] [id=259]

VM state:not at safepoint (normal execution)

VM Mutex/Monitor currently owned by a thread: None

Heap:
 PSYoungGen      total 675328K, used 132505K [0x00000000d5f00000, 0x0000000100000000, 0x0000000100000000)
  eden space 661504K, 19% used [0x00000000d5f00000,0x00000000ddf9e7e8,0x00000000fe500000)
  from space 13824K, 5% used [0x00000000ff280000,0x00000000ff348000,0x0000000100000000)
  to   space 13824K, 0% used [0x00000000fe500000,0x00000000fe500000,0x00000000ff280000)
 ParOldGen       total 64512K, used 19669K [0x0000000081c00000, 0x0000000085b00000, 0x00000000d5f00000)
  object space 64512K, 30% used [0x0000000081c00000,0x0000000082f35688,0x0000000085b00000)
 Metaspace       used 20948K, capacity 21448K, committed 21632K, reserved 1069056K
  class space    used 2439K, capacity 2561K, committed 2688K, reserved 1048576K

Card table byte_map: [0x00007fcb9cc60000,0x00007fcb9d053000] byte_map_base: 0x00007fcb9c852000

Marking Bits: (ParMarkBitMap*) 0x00007fcb9f7b2f60
 Begin Bits: [0x00007fcb850e0000, 0x00007fcb87070000)
 End Bits:   [0x00007fcb87070000, 0x00007fcb89000000)

Polling page: 0x00007fcba0310000

CodeCache: size=245760Kb used=8878Kb max_used=9727Kb free=236881Kb
 bounds [0x00007fcb89000000, 0x00007fcb899c0000, 0x00007fcb98000000]
 total_blobs=2801 nmethods=2353 adapters=361
 compilation: enabled

Compilation events (10 events):
Event: 1039.288 Thread 0x00007fcb980be000 nmethod 3017 0x00007fcb891c6590 code [0x00007fcb891c6740, 0x00007fcb891c6a38]
Event: 1039.288 Thread 0x00007fcb980be000 3018       3       transformerProcessor.TermProcessor::Clear (8 bytes)
Event: 1040.182 Thread 0x00007fcb980be000 nmethod 3018 0x00007fcb891dccd0 code [0x00007fcb891dce40, 0x00007fcb891dd068]
Event: 1040.182 Thread 0x00007fcb980be000 3020       3       transformerProcessor.filter.MatchFilter::onlyNegativeTemporals (68 bytes)
Event: 1040.362 Thread 0x00007fcb980bc800 nmethod 3016 0x00007fcb891b4390 code [0x00007fcb891b4540, 0x00007fcb891b4df8]
Event: 1043.796 Thread 0x00007fcb980be000 nmethod 3020 0x00007fcb8924aa90 code [0x00007fcb8924aca0, 0x00007fcb8924b6f8]
Event: 1043.796 Thread 0x00007fcb980be000 3021       3       transformerProcessor.filter.ApplyEntity::setPastEntity (6 bytes)
Event: 1043.796 Thread 0x00007fcb980be000 nmethod 3021 0x00007fcb897eba90 code [0x00007fcb897ebbe0, 0x00007fcb897ebd30]
Event: 1044.185 Thread 0x00007fcb980bc800 3022       4       org.eclipse.emf.ecore.impl.EAttributeImpl::getEAttributeType (51 bytes)
Event: 1045.620 Thread 0x00007fcb980bc800 nmethod 3022 0x00007fcb892e5650 code [0x00007fcb892e57c0, 0x00007fcb892e5908]

GC Heap History (10 events):
Event: 39.058 GC heap before
{Heap before GC invocations=7 (full 0):
 PSYoungGen      total 280576K, used 271384K [0x00000000d5f00000, 0x00000000e7f00000, 0x0000000100000000)
  eden space 266240K, 100% used [0x00000000d5f00000,0x00000000e6300000,0x00000000e6300000)
  from space 14336K, 35% used [0x00000000e7100000,0x00000000e76062e8,0x00000000e7f00000)
  to   space 14336K, 0% used [0x00000000e6300000,0x00000000e6300000,0x00000000e7100000)
 ParOldGen       total 87552K, used 13656K [0x0000000081c00000, 0x0000000087180000, 0x00000000d5f00000)
  object space 87552K, 15% used [0x0000000081c00000,0x00000000829562b8,0x0000000087180000)
 Metaspace       used 20689K, capacity 21162K, committed 21248K, reserved 1069056K
  class space    used 2429K, capacity 2556K, committed 2560K, reserved 1048576K
Event: 39.301 GC heap after
Heap after GC invocations=7 (full 0):
 PSYoungGen      total 280576K, used 7129K [0x00000000d5f00000, 0x00000000f8100000, 0x0000000100000000)
  eden space 266240K, 0% used [0x00000000d5f00000,0x00000000d5f00000,0x00000000e6300000)
  from space 14336K, 49% used [0x00000000e6300000,0x00000000e69f67b8,0x00000000e7100000)
  to   space 13312K, 0% used [0x00000000f7400000,0x00000000f7400000,0x00000000f8100000)
 ParOldGen       total 87552K, used 14751K [0x0000000081c00000, 0x0000000087180000, 0x00000000d5f00000)
  object space 87552K, 16% used [0x0000000081c00000,0x0000000082a67ef8,0x0000000087180000)
 Metaspace       used 20689K, capacity 21162K, committed 21248K, reserved 1069056K
  class space    used 2429K, capacity 2556K, committed 2560K, reserved 1048576K
}
Event: 41.743 GC heap before
{Heap before GC invocations=8 (full 0):
 PSYoungGen      total 280576K, used 92432K [0x00000000d5f00000, 0x00000000f8100000, 0x0000000100000000)
  eden space 266240K, 32% used [0x00000000d5f00000,0x00000000db24d8f8,0x00000000e6300000)
  from space 14336K, 49% used [0x00000000e6300000,0x00000000e69f67b8,0x00000000e7100000)
  to   space 13312K, 0% used [0x00000000f7400000,0x00000000f7400000,0x00000000f8100000)
 ParOldGen       total 87552K, used 14751K [0x0000000081c00000, 0x0000000087180000, 0x00000000d5f00000)
  object space 87552K, 16% used [0x0000000081c00000,0x0000000082a67ef8,0x0000000087180000)
 Metaspace       used 20759K, capacity 21162K, committed 21248K, reserved 1069056K
  class space    used 2429K, capacity 2556K, committed 2560K, reserved 1048576K
Event: 41.960 GC heap after
Heap after GC invocations=8 (full 0):
 PSYoungGen      total 545792K, used 2808K [0x00000000d5f00000, 0x00000000f8100000, 0x0000000100000000)
  eden space 532480K, 0% used [0x00000000d5f00000,0x00000000d5f00000,0x00000000f6700000)
  from space 13312K, 21% used [0x00000000f7400000,0x00000000f76be358,0x00000000f8100000)
  to   space 13312K, 0% used [0x00000000f6700000,0x00000000f6700000,0x00000000f7400000)
 ParOldGen       total 87552K, used 18793K [0x0000000081c00000, 0x0000000087180000, 0x00000000d5f00000)
  object space 87552K, 21% used [0x0000000081c00000,0x0000000082e5a440,0x0000000087180000)
 Metaspace       used 20759K, capacity 21162K, committed 21248K, reserved 1069056K
  class space    used 2429K, capacity 2556K, committed 2560K, reserved 1048576K
}
Event: 41.960 GC heap before
{Heap before GC invocations=9 (full 1):
 PSYoungGen      total 545792K, used 2808K [0x00000000d5f00000, 0x00000000f8100000, 0x0000000100000000)
  eden space 532480K, 0% used [0x00000000d5f00000,0x00000000d5f00000,0x00000000f6700000)
  from space 13312K, 21% used [0x00000000f7400000,0x00000000f76be358,0x00000000f8100000)
  to   space 13312K, 0% used [0x00000000f6700000,0x00000000f6700000,0x00000000f7400000)
 ParOldGen       total 87552K, used 18793K [0x0000000081c00000, 0x0000000087180000, 0x00000000d5f00000)
  object space 87552K, 21% used [0x0000000081c00000,0x0000000082e5a440,0x0000000087180000)
 Metaspace       used 20759K, capacity 21162K, committed 21248K, reserved 1069056K
  class space    used 2429K, capacity 2556K, committed 2560K, reserved 1048576K
Event: 42.811 GC heap after
Heap after GC invocations=9 (full 1):
 PSYoungGen      total 545792K, used 0K [0x00000000d5f00000, 0x00000000f8100000, 0x0000000100000000)
  eden space 532480K, 0% used [0x00000000d5f00000,0x00000000d5f00000,0x00000000f6700000)
  from space 13312K, 0% used [0x00000000f7400000,0x00000000f7400000,0x00000000f8100000)
  to   space 13312K, 0% used [0x00000000f6700000,0x00000000f6700000,0x00000000f7400000)
 ParOldGen       total 64512K, used 19661K [0x0000000081c00000, 0x0000000085b00000, 0x00000000d5f00000)
  object space 64512K, 30% used [0x0000000081c00000,0x0000000082f33688,0x0000000085b00000)
 Metaspace       used 20759K, capacity 21162K, committed 21248K, reserved 1069056K
  class space    used 2429K, capacity 2556K, committed 2560K, reserved 1048576K
}
Event: 65.729 GC heap before
{Heap before GC invocations=10 (full 1):
 PSYoungGen      total 545792K, used 532480K [0x00000000d5f00000, 0x00000000f8100000, 0x0000000100000000)
  eden space 532480K, 100% used [0x00000000d5f00000,0x00000000f6700000,0x00000000f6700000)
  from space 13312K, 0% used [0x00000000f7400000,0x00000000f7400000,0x00000000f8100000)
  to   space 13312K, 0% used [0x00000000f6700000,0x00000000f6700000,0x00000000f7400000)
 ParOldGen       total 64512K, used 19661K [0x0000000081c00000, 0x0000000085b00000, 0x00000000d5f00000)
  object space 64512K, 30% used [0x0000000081c00000,0x0000000082f33688,0x0000000085b00000)
 Metaspace       used 20863K, capacity 21372K, committed 21504K, reserved 1069056K
  class space    used 2436K, capacity 2559K, committed 2560K, reserved 1048576K
Event: 68.173 GC heap after
Heap after GC invocations=10 (full 1):
 PSYoungGen      total 545792K, used 1248K [0x00000000d5f00000, 0x0000000100000000, 0x0000000100000000)
  eden space 532480K, 0% used [0x00000000d5f00000,0x00000000d5f00000,0x00000000f6700000)
  from space 13312K, 9% used [0x00000000f6700000,0x00000000f6838000,0x00000000f7400000)
  to   space 13824K, 0% used [0x00000000ff280000,0x00000000ff280000,0x0000000100000000)
 ParOldGen       total 64512K, used 19661K [0x0000000081c00000, 0x0000000085b00000, 0x00000000d5f00000)
  object space 64512K, 30% used [0x0000000081c00000,0x0000000082f33688,0x0000000085b00000)
 Metaspace       used 20863K, capacity 21372K, committed 21504K, reserved 1069056K
  class space    used 2436K, capacity 2559K, committed 2560K, reserved 1048576K
}
Event: 75.378 GC heap before
{Heap before GC invocations=11 (full 1):
 PSYoungGen      total 545792K, used 533728K [0x00000000d5f00000, 0x0000000100000000, 0x0000000100000000)
  eden space 532480K, 100% used [0x00000000d5f00000,0x00000000f6700000,0x00000000f6700000)
  from space 13312K, 9% used [0x00000000f6700000,0x00000000f6838000,0x00000000f7400000)
  to   space 13824K, 0% used [0x00000000ff280000,0x00000000ff280000,0x0000000100000000)
 ParOldGen       total 64512K, used 19661K [0x0000000081c00000, 0x0000000085b00000, 0x00000000d5f00000)
  object space 64512K, 30% used [0x0000000081c00000,0x0000000082f33688,0x0000000085b00000)
 Metaspace       used 20866K, capacity 21372K, committed 21504K, reserved 1069056K
  class space    used 2436K, capacity 2559K, committed 2560K, reserved 1048576K
Event: 75.632 GC heap after
Heap after GC invocations=11 (full 1):
 PSYoungGen      total 675328K, used 800K [0x00000000d5f00000, 0x0000000100000000, 0x0000000100000000)
  eden space 661504K, 0% used [0x00000000d5f00000,0x00000000d5f00000,0x00000000fe500000)
  from space 13824K, 5% used [0x00000000ff280000,0x00000000ff348000,0x0000000100000000)
  to   space 13824K, 0% used [0x00000000fe500000,0x00000000fe500000,0x00000000ff280000)
 ParOldGen       total 64512K, used 19669K [0x0000000081c00000, 0x0000000085b00000, 0x00000000d5f00000)
  object space 64512K, 30% used [0x0000000081c00000,0x0000000082f35688,0x0000000085b00000)
 Metaspace       used 20866K, capacity 21372K, committed 21504K, reserved 1069056K
  class space    used 2436K, capacity 2559K, committed 2560K, reserved 1048576K
}

Deoptimization events (10 events):
Event: 33.005 Thread 0x00007fcb9800b000 Uncommon trap: reason=class_check action=maybe_recompile pc=0x00007fcb8960fa68 method=java.util.regex.Pattern$Slice.match(Ljava/util/regex/Matcher;ILjava/lang/CharSequence;)Z @ 75
Event: 33.005 Thread 0x00007fcb9800b000 Uncommon trap: reason=class_check action=maybe_recompile pc=0x00007fcb8981c7fc method=java.lang.Character.codePointAt(Ljava/lang/CharSequence;I)I @ 2
Event: 33.005 Thread 0x00007fcb9800b000 Uncommon trap: reason=class_check action=maybe_recompile pc=0x00007fcb8981c7fc method=java.lang.Character.codePointAt(Ljava/lang/CharSequence;I)I @ 2
Event: 33.005 Thread 0x00007fcb9800b000 Uncommon trap: reason=class_check action=maybe_recompile pc=0x00007fcb8981c7fc method=java.lang.Character.codePointAt(Ljava/lang/CharSequence;I)I @ 2
Event: 33.005 Thread 0x00007fcb9800b000 Uncommon trap: reason=class_check action=maybe_recompile pc=0x00007fcb8981c7fc method=java.lang.Character.codePointAt(Ljava/lang/CharSequence;I)I @ 2
Event: 33.005 Thread 0x00007fcb9800b000 Uncommon trap: reason=class_check action=maybe_recompile pc=0x00007fcb898086e8 method=java.lang.Character.codePointAt(Ljava/lang/CharSequence;I)I @ 2
Event: 33.006 Thread 0x00007fcb9800b000 Uncommon trap: reason=class_check action=maybe_recompile pc=0x00007fcb8960fa68 method=java.util.regex.Pattern$Slice.match(Ljava/util/regex/Matcher;ILjava/lang/CharSequence;)Z @ 75
Event: 33.007 Thread 0x00007fcb9800b000 Uncommon trap: reason=class_check action=maybe_recompile pc=0x00007fcb8960fa68 method=java.util.regex.Pattern$Slice.match(Ljava/util/regex/Matcher;ILjava/lang/CharSequence;)Z @ 75
Event: 33.011 Thread 0x00007fcb9800b000 Uncommon trap: reason=class_check action=maybe_recompile pc=0x00007fcb8960fa68 method=java.util.regex.Pattern$Slice.match(Ljava/util/regex/Matcher;ILjava/lang/CharSequence;)Z @ 75
Event: 34.992 Thread 0x00007fcb9800b000 Uncommon trap: reason=unstable_if action=reinterpret pc=0x00007fcb895b0640 method=org.eclipse.emf.ecore.util.EContentsEList$FeatureIteratorImpl.hasNext()Z @ 228

Internal exceptions (10 events):
Event: 1.378 Thread 0x00007fcb9800b000 Exception <a 'java/lang/NoSuchFieldError': method resolution failed> (0x00000000d60ecca0) thrown at [/HUDSON/workspace/8-2-build-linux-amd64/jdk8u131/8869/hotspot/src/share/vm/prims/methodHandles.cpp, line 1146]
Event: 1.384 Thread 0x00007fcb9800b000 Exception <a 'java/lang/NoSuchFieldError': method resolution failed> (0x00000000d60fa0e0) thrown at [/HUDSON/workspace/8-2-build-linux-amd64/jdk8u131/8869/hotspot/src/share/vm/prims/methodHandles.cpp, line 1146]
Event: 3.326 Thread 0x00007fcb9800b000 Implicit null exception at 0x00007fcb891334e2 to 0x00007fcb891336b5
Event: 5.412 Thread 0x00007fcb9800b000 Exception <a 'java/lang/NoClassDefFoundError': org/eclipse/core/runtime/Platform> (0x00000000d6e43558) thrown at [/HUDSON/workspace/8-2-build-linux-amd64/jdk8u131/8869/hotspot/src/share/vm/classfile/systemDictionary.cpp, line 199]
Event: 6.107 Thread 0x00007fcb9800b000 Exception <a 'java/security/PrivilegedActionException'> (0x00000000d70a2ac8) thrown at [/HUDSON/workspace/8-2-build-linux-amd64/jdk8u131/8869/hotspot/src/share/vm/prims/jvm.cpp, line 1390]
Event: 6.107 Thread 0x00007fcb9800b000 Exception <a 'java/security/PrivilegedActionException'> (0x00000000d70a2ec0) thrown at [/HUDSON/workspace/8-2-build-linux-amd64/jdk8u131/8869/hotspot/src/share/vm/prims/jvm.cpp, line 1390]
Event: 6.108 Thread 0x00007fcb9800b000 Exception <a 'java/security/PrivilegedActionException'> (0x00000000d70a56f8) thrown at [/HUDSON/workspace/8-2-build-linux-amd64/jdk8u131/8869/hotspot/src/share/vm/prims/jvm.cpp, line 1390]
Event: 6.108 Thread 0x00007fcb9800b000 Exception <a 'java/security/PrivilegedActionException'> (0x00000000d70a5af0) thrown at [/HUDSON/workspace/8-2-build-linux-amd64/jdk8u131/8869/hotspot/src/share/vm/prims/jvm.cpp, line 1390]
Event: 13.499 Thread 0x00007fcb9800b000 Implicit null exception at 0x00007fcb891b4176 to 0x00007fcb891b4531
Event: 31.547 Thread 0x00007fcb9800b000 Implicit null exception at 0x00007fcb891e2675 to 0x00007fcb891e2a25

Events (10 events):
Event: 144.202 Thread 0x00007fcb9800b000 DEOPT PACKING pc=0x00007fcb89208a1d sp=0x00007fcba041eef0
Event: 144.202 Thread 0x00007fcb9800b000 DEOPT UNPACKING pc=0x00007fcb89047633 sp=0x00007fcba041ec48 mode 0
Event: 144.249 Thread 0x00007fcb9800b000 DEOPT PACKING pc=0x00007fcb8926f470 sp=0x00007fcba041eef0
Event: 144.249 Thread 0x00007fcb9800b000 DEOPT UNPACKING pc=0x00007fcb89047633 sp=0x00007fcba041ec48 mode 0
Event: 144.259 Thread 0x00007fcb9800b000 DEOPT PACKING pc=0x00007fcb8926f470 sp=0x00007fcba041eef0
Event: 144.259 Thread 0x00007fcb9800b000 DEOPT UNPACKING pc=0x00007fcb89047633 sp=0x00007fcba041ec48 mode 0
Event: 144.267 Thread 0x00007fcb9800b000 DEOPT PACKING pc=0x00007fcb8926f470 sp=0x00007fcba041eef0
Event: 144.267 Thread 0x00007fcb9800b000 DEOPT UNPACKING pc=0x00007fcb89047633 sp=0x00007fcba041ec48 mode 0
Event: 144.274 Thread 0x00007fcb9800b000 DEOPT PACKING pc=0x00007fcb8926f470 sp=0x00007fcba041eef0
Event: 144.274 Thread 0x00007fcb9800b000 DEOPT UNPACKING pc=0x00007fcb89047633 sp=0x00007fcba041ec48 mode 0


Dynamic libraries:

VM Arguments:
jvm_args: -Djava.library.path=/usr/lib:/usr/lib/swipl-5.10.1/lib/x86_64-linux -Dfile.encoding=UTF-8 
java_command: executeExperiment 3 20 13 modify_Transition_in_Region m DONOTMATCHTHIS T_2 Region Transition transitions bCMS Model test_c e mregions modify testModify 2
java_class_path (initial): /mnt/c/Personal/Work/CSC494/liftedEclipse/DSLTransLifting-master/bin:/mnt/c/Personal/Work/CSC494/liftedEclipse/DSLTransLifting-master/lib/com.microsoft.z3.jar:/mnt/c/Personal/Work/CSC494/liftedEclipse/DSLTransLifting-master/lib/diffutils-1.2.1.jar:/mnt/c/Personal/Work/CSC494/liftedEclipse/DSLTransLifting-master/lib/jpl.jar:/mnt/c/Personal/Work/CSC494/liftedEclipse/DSLTransLifting-master/lib/tools.jar:/mnt/c/Personal/Work/CSC494/liftedEclipse/eclipse/plugins/DSLTransEditor2.0.diagram_1.0.0.201704302229.jar:/mnt/c/Personal/Work/CSC494/liftedEclipse/eclipse/plugins/DSLTransEditor2.0.edit_1.0.0.201704302229.jar:/mnt/c/Personal/Work/CSC494/liftedEclipse/eclipse/plugins/DSLTransEditor2.0.editor_1.0.0.201704302229.jar:/mnt/c/Personal/Work/CSC494/liftedEclipse/eclipse/plugins/DSLTransEditor2.0_1.0.0.201704302229.jar:/mnt/c/Personal/Work/CSC494/liftedEclipse/eclipse/plugins/DSLTranslator_1.0.2.201704302229.jar:/mnt/c/Personal/Work/CSC494/liftedEclipse/eclipse/plugins/Transformer2.0_1.0.2.201704302229.jar:/mnt/c/Personal/Work/CSC494/liftedEclipse/eclipse/plugins/org.eclipse.core.contenttype_3.5.0.v20150421-2214.jar:/mnt/c/Personal/Work/CSC494/liftedEclipse/eclipse/plugins/org.eclipse.core.jobs_3.7.0.v20150330-2103.jar:/mnt/c/Personal/Work/CSC494/liftedEclipse/eclipse/plugins/org.eclipse.core.resources_3.10.1.v20150725-1910.jar:/mnt/c/Personal/Work/CSC494/liftedEclipse/eclipse/plugins/org.eclipse.debug.core_3.10.0.v20150303-1130.jar:/mnt/c/Personal/Work/CSC494/liftedEclipse/eclipse/plugins/org.eclipse.emf.codegen.ecore_2.11.1.v20160208-0841.jar:/mnt/c/Personal/Work/CSC494/liftedEclipse/eclipse/plugins/org.eclipse.emf.codegen_2.11.0.v20160208-0841.jar:/mnt/c/Personal/Work/CSC494/liftedEclipse/eclipse/plugins/org.eclipse.emf.common_2.11.1.v20160208-0816.jar:/mnt/c/Personal/Work/CSC494/liftedEclipse/eclipse/plugins/org.eclipse.emf.ecore.xmi_2.11.1.v20160208-0816.jar:/mnt/c/Personal/Work/CSC494/liftedEclipse/eclipse/plugins/org.eclipse.emf.ecore_2.11.2
Launcher Type: SUN_STANDARD

Environment Variables:
JAVA_HOME=/usr/lib/jvm/java-8-oracle
PATH=/usr/local/sbin:/usr/local/bin:/usr/sbin:/usr/bin:/sbin:/bin:/usr/games:/usr/local/games:/mnt/c/ProgramData/Oracle/Java/javapath_target_851895015:/mnt/c/Program Files (x86)/Intel/iCLS Client:/mnt/c/Program Files/Intel/iCLS Client:/mnt/c/Windows/System32:/mnt/c/Windows:/mnt/c/Windows/System32/wbem:/mnt/c/Windows/System32/WindowsPowerShell/v1.0:/mnt/c/Program Files/Intel/Intel(R) Management Engine Components/DAL:/mnt/c/Program Files (x86)/Intel/Intel(R) Management Engine Components/DAL:/mnt/c/Program Files/Intel/Intel(R) Management Engine Components/IPT:/mnt/c/Program Files (x86)/Intel/Intel(R) Management Engine Components/IPT:/mnt/c/Program Files/Prio:/mnt/c/Program Files/nodejs:/mnt/c/z3/bin:/mnt/c/Program Files/Microsoft SQL Server/120/Tools/Binn:/mnt/c/Program Files/Microsoft SQL Server/130/Tools/Binn:/mnt/c/Program Files (x86)/Windows Kits/10/Windows Performance Toolkit:/mnt/c/ProgramData/chocolatey/bin:/mnt/c/Program Files/Java/jdk1.8.0_92/bin:/mnt/c/Program Files/Git/cmd:/mnt/c/Program Files/MiKTeX 2.9/miktex/bin/x64:/mnt/c/Program Files/OpenVPN/bin:/mnt/c/Program Files (x86)/NVIDIA Corporation/PhysX/Common:/mnt/c/Windows/System32:/mnt/c/Windows:/mnt/c/Windows/System32/wbem:/mnt/c/Windows/System32/WindowsPowerShell/v1.0:/mnt/c/Program Files (x86)/Skype/Phone:/mnt/c/Users/Jeffrey/Miniconda2:/mnt/c/Users/Jeffrey/Miniconda2/Scripts:/mnt/c/Users/Jeffrey/Miniconda2/Library/bin:/mnt/c/Users/Jeffrey/AppData/Roaming/npm:/mnt/c/z3/bin:/mnt/c/Users/Jeffrey/AppData/Local/Android/sdk/tools:/mnt/c/Users/Jeffrey/AppData/Local/Android/sdk/platform-tools:/mnt/c/cygwin64/bin:/mnt/c/Users/Jeffrey/AppData/Local/.meteor:/mnt/c/Users/Jeffrey/AppData/Local/Microsoft/WindowsApps:/mnt/c/altera_lite/16.0/modelsim_ase/win32aloem:/usr/lib/swipl-5.10.1/lib/x86_64-linux:/usr/lib/jvm/java-8-oracle/bin:/usr/lib/swipl-5.10.1/bin:/usr/lib/jvm/java-8-oracle/jre/bin
LD_LIBRARY_PATH=/usr/lib/jvm/java-8-oracle/jre/lib
SHELL=/bin/bash
DISPLAY=:0
HOSTTYPE=x86_64

Signal Handlers:
SIGSEGV: [libjvm.so+0xac8af0], sa_mask[0]=11111111111111111111111111111110, sa_flags=SA_RESTART|SA_SIGINFO
SIGBUS: [libjvm.so+0xac8af0], sa_mask[0]=11111111111111111111111111111110, sa_flags=SA_RESTART|SA_SIGINFO
SIGFPE: [libjvm.so+0x921dd0], sa_mask[0]=11111111111111111111111111111110, sa_flags=SA_RESTART|SA_SIGINFO
SIGPIPE: [libjvm.so+0x921dd0], sa_mask[0]=11111111111111111111111111111110, sa_flags=SA_RESTART|SA_SIGINFO
SIGXFSZ: [libjvm.so+0x921dd0], sa_mask[0]=11111111111111111111111111111110, sa_flags=SA_RESTART|SA_SIGINFO
SIGILL: [libjvm.so+0x921dd0], sa_mask[0]=11111111111111111111111111111110, sa_flags=SA_RESTART|SA_SIGINFO
SIGUSR1: SIG_DFL, sa_mask[0]=00000000000000000000000000000000, sa_flags=none
SIGUSR2: [libjvm.so+0x923610], sa_mask[0]=00100000000000000000000000000000, sa_flags=SA_RESTART|SA_SIGINFO
SIGHUP: [libjvm.so+0x924a10], sa_mask[0]=11111111111111111111111111111110, sa_flags=SA_RESTART|SA_SIGINFO
SIGINT: [libjvm.so+0x924a10], sa_mask[0]=11111111111111111111111111111110, sa_flags=SA_RESTART|SA_SIGINFO
SIGTERM: [libjvm.so+0x924a10], sa_mask[0]=11111111111111111111111111111110, sa_flags=SA_RESTART|SA_SIGINFO
SIGQUIT: [libjvm.so+0x924a10], sa_mask[0]=11111111111111111111111111111110, sa_flags=SA_RESTART|SA_SIGINFO


---------------  S Y S T E M  ---------------

OS:DISTRIB_ID=Ubuntu
DISTRIB_RELEASE=14.04
DISTRIB_CODENAME=trusty
DISTRIB_DESCRIPTION="Ubuntu 14.04.5 LTS"

uname:Linux 4.4.0-43-Microsoft #1-Microsoft Wed Dec 31 14:42:53 PST 2014 x86_64
libc:glibc 2.19 NPTL 2.19 
rlimit: STACK infinity, CORE infinity, NPROC infinity, NOFILE 2048, AS infinity
load average:0.52 0.58 0.59

/proc/meminfo:
MemTotal:        8271528 kB
MemFree:         1026620 kB
Buffers:           34032 kB
Cached:           188576 kB
SwapCached:            0 kB
Active:           167556 kB
Inactive:         157876 kB
Active(anon):     103104 kB
Inactive(anon):    17440 kB
Active(file):      64452 kB
Inactive(file):   140436 kB
Unevictable:           0 kB
Mlocked:               0 kB
SwapTotal:       8192000 kB
SwapFree:         792520 kB
Dirty:                 0 kB
Writeback:             0 kB
AnonPages:        102824 kB
Mapped:            71404 kB
Shmem:             17720 kB
Slab:              13868 kB
SReclaimable:       6744 kB
SUnreclaim:         7124 kB
KernelStack:        2848 kB
PageTables:         2524 kB
NFS_Unstable:          0 kB
Bounce:                0 kB
WritebackTmp:          0 kB
CommitLimit:      515524 kB
Committed_AS:    3450064 kB
VmallocTotal:     122880 kB
VmallocUsed:       21296 kB
VmallocChunk:      66044 kB
HardwareCorrupted:     0 kB
AnonHugePages:      2048 kB
HugePages_Total:       0
HugePages_Free:        0
HugePages_Rsvd:        0
HugePages_Surp:        0
Hugepagesize:       2048 kB
DirectMap4k:       12280 kB
DirectMap4M:      897024 kB


CPU:total 4 (initial active 4) (2 cores per cpu, 2 threads per core) family 6 model 60 stepping 3, cmov, cx8, fxsr, mmx, sse, sse2, sse3, ssse3, sse4.1, sse4.2, popcnt, avx, avx2, aes, clmul, erms, lzcnt, ht, tsc, tscinvbit, bmi1, bmi2

/proc/cpuinfo:
processor	: 0
vendor_id	: GenuineIntel
cpu family	: 6
model		: 60
model name	: Intel(R) Core(TM) i5-4210H CPU @ 2.90GHz
stepping	: 3
microcode	: 0xffffffff
cpu MHz		: 2901.000
cache size	: 256 KB
physical id	: 0
siblings	: 4
core id		: 0
cpu cores	: 2
apicid		: 0
initial apicid	: 0
fpu		: yes
fpu_exception	: yes
cpuid level	: 6
wp		: yes
flags		: fpu vme de pse tsc msr pae mce cx8 apic sep mtrr pge mca cmov pat pse36 clflush dts acpi mmx fxsr sse sse2 ss ht tm pbe syscall nx pdpe1gb rdtscp lm pni pclmulqdq dtes64 monitor ds_cpl vmx est tm2 ssse3 fma cx16 xtpr pdcm pcid sse4_1 sse4_2 x2apic movbe popcnt tsc_deadline_timer aes xsave osxsave avx f16c rdrand
bogomips	: 5802.00
clflush size	: 64
cache_alignment	: 64
address sizes	: 36 bits physical, 48 bits virtual
power management:

processor	: 1
vendor_id	: GenuineIntel
cpu family	: 6
model		: 60
model name	: Intel(R) Core(TM) i5-4210H CPU @ 2.90GHz
stepping	: 3
microcode	: 0xffffffff
cpu MHz		: 2901.000
cache size	: 256 KB
physical id	: 0
siblings	: 4
core id		: 0
cpu cores	: 2
apicid		: 0
initial apicid	: 0
fpu		: yes
fpu_exception	: yes
cpuid level	: 6
wp		: yes
flags		: fpu vme de pse tsc msr pae mce cx8 apic sep mtrr pge mca cmov pat pse36 clflush dts acpi mmx fxsr sse sse2 ss ht tm pbe syscall nx pdpe1gb rdtscp lm pni pclmulqdq dtes64 monitor ds_cpl vmx est tm2 ssse3 fma cx16 xtpr pdcm pcid sse4_1 sse4_2 x2apic movbe popcnt tsc_deadline_timer aes xsave osxsave avx f16c rdrand
bogomips	: 5802.00
clflush size	: 64
cache_alignment	: 64
address sizes	: 36 bits physical, 48 bits virtual
power management:

processor	: 2
vendor_id	: GenuineIntel
cpu family	: 6
model		: 60
model name	: Intel(R) Core(TM) i5-4210H CPU @ 2.90GHz
stepping	: 3
microcode	: 0xffffffff
cpu MHz		: 2901.000
cache size	: 256 KB
physical id	: 0
siblings	: 4
core id		: 1
cpu cores	: 2
apicid		: 0
initial apicid	: 0
fpu		: yes
fpu_exception	: yes
cpuid level	: 6
wp		: yes
flags		: fpu vme de pse tsc msr pae mce cx8 apic sep mtrr pge mca cmov pat pse36 clflush dts acpi mmx fxsr sse sse2 ss ht tm pbe syscall nx pdpe1gb rdtscp lm pni pclmulqdq dtes64 monitor ds_cpl vmx est tm2 ssse3 fma cx16 xtpr pdcm pcid sse4_1 sse4_2 x2apic movbe popcnt tsc_deadline_timer aes xsave osxsave avx f16c rdrand
bogomips	: 5802.00
clflush size	: 64
cache_alignment	: 64
address sizes	: 36 bits physical, 48 bits virtual
power management:

processor	: 3
vendor_id	: GenuineIntel
cpu family	: 6
model		: 60
model name	: Intel(R) Core(TM) i5-4210H CPU @ 2.90GHz
stepping	: 3
microcode	: 0xffffffff
cpu MHz		: 2901.000
cache size	: 256 KB
physical id	: 0
siblings	: 4
core id		: 1
cpu cores	: 2
apicid		: 0
initial apicid	: 0
fpu		: yes
fpu_exception	: yes
cpuid level	: 6
wp		: yes
flags		: fpu vme de pse tsc msr pae mce cx8 apic sep mtrr pge mca cmov pat pse36 clflush dts acpi mmx fxsr sse sse2 ss ht tm pbe syscall nx pdpe1gb rdtscp lm pni pclmulqdq dtes64 monitor ds_cpl vmx est tm2 ssse3 fma cx16 xtpr pdcm pcid sse4_1 sse4_2 x2apic movbe popcnt tsc_deadline_timer aes xsave osxsave avx f16c rdrand
bogomips	: 5802.00
clflush size	: 64
cache_alignment	: 64
address sizes	: 36 bits physical, 48 bits virtual
power management:



Memory: 4k page, physical 8271528k(1020960k free), swap 8192000k(794852k free)

vm_info: Java HotSpot(TM) 64-Bit Server VM (25.131-b11) for linux-amd64 JRE (1.8.0_131-b11), built on Mar 15 2017 01:23:40 by "java_re" with gcc 4.3.0 20080428 (Red Hat 4.3.0-8)

time: Mon Sep 18 08:19:05 2017
elapsed time: 1103 seconds (0d 0h 18m 23s)

