#
# A fatal error has been detected by the Java Runtime Environment:
#
#  SIGSEGV (0xb) at pc=0x00007f8415b33683, pid=288, tid=0x00007f83f9230700
#
# JRE version: Java(TM) SE Runtime Environment (8.0_131-b11) (build 1.8.0_131-b11)
# Java VM: Java HotSpot(TM) 64-Bit Server VM (25.131-b11 mixed mode linux-amd64 compressed oops)
# Problematic frame:
# C  [libc.so.6+0x153683]
#
# Core dump written. Default location: /mnt/c/Personal/Work/CSC494/liftedEclipse/DSLTransLifting-master/core or core.288
#
# If you would like to submit a bug report, please visit:
#   http://bugreport.java.com/bugreport/crash.jsp
#

---------------  T H R E A D  ---------------

Current thread (0x00007f84100b9800):  JavaThread "C2 CompilerThread0" daemon [_thread_in_native, id=303, stack(0x00007f83f9130000,0x00007f83f9231000)]

siginfo: si_signo: 11 (SIGSEGV), si_code: 2 (SEGV_ACCERR), si_addr: 0x00007f83d0df6ff0

Registers:
RAX=0x00007f83d0df4e90, RBX=0x00007f83d0df4e90, RCX=0x0000000000010000, RDX=0x0000000000002100
RSP=0x00007f83f922b3b8, RBP=0x00007f83f922b3f0, RSI=0x00007f83d0de7000, RDI=0x00007f83d0df7010
R8 =0x00007f83d0dfce80, R9 =0x0000000000000000, R10=0x00007f83d0ce47d8, R11=0x00007f8415b6ae01
R12=0x00007f83d0de4e80, R13=0x00007f84100ba0e0, R14=0x0000000000008000, R15=0x0000000000000000
RIP=0x00007f8415b33683, EFLAGS=0x0000000000010206, CSGSFS=0x00000053002b0033, ERR=0x0000000000000000
  TRAPNO=0x0000000000000000

Top of Stack: (sp=0x00007f83f922b3b8)
0x00007f83f922b3b8:   00007f8414cce67a 00007f83d0dece80
0x00007f83f922b3c8:   0000000000001000 00007f83f922b710
0x00007f83f922b3d8:   0000000000008000 0000000000000001
0x00007f83f922b3e8:   0000000000001000 00007f83f922b420
0x00007f83f922b3f8:   00007f84152e13f8 00007f83d0ce4740
0x00007f83f922b408:   00007f83f922b710 00007f83d08dabd8
0x00007f83f922b418:   00007f83f922b750 00007f83f922b480
0x00007f83f922b428:   00007f8415207c79 00007f8300000006
0x00007f83f922b438:   00007f83d08dcea0 00007f83f922b730
0x00007f83f922b448:   00007f83f922d6d0 00007f83f922e088
0x00007f83f922b458:   0000000000000001 00007f83d03ef610
0x00007f83f922b468:   00007f83f922d6d0 00007f83f922b730
0x00007f83f922b478:   00007f84100ba0e0 00007f83f922b7a0
0x00007f83f922b488:   00007f841520a745 00007f83f922b4a0
0x00007f83f922b498:   00007f83f922b750 00007f83f922b710
0x00007f83f922b4a8:   00017f841546d76d 00007f83f922d6f0
0x00007f83f922b4b8:   00007f8400000004 00007f84100ba0e0
0x00007f83f922b4c8:   00007f8400000004 00007f83d06aec90
0x00007f83f922b4d8:   00007f8300000000 5044fcad00000000
0x00007f83f922b4e8:   00007f83d000aca0 00007f83d04df610
0x00007f83f922b4f8:   00007f83d02ffd00 00007f8415978480
0x00007f83f922b508:   0000000000020010 ffff807c06dd4a71
0x00007f83f922b518:   00007f8400002002 0000000000000800
0x00007f83f922b528:   00007f8300000830 00007f83f922b590
0x00007f83f922b538:   0000000000000100 0000015bf922b600
0x00007f83f922b548:   0000000000000020 0000000000000004
0x00007f83f922b558:   0000007b0000008e 0000000000000000
0x00007f83f922b568:   00007f83f922b58f 00007f83f922b5a0
0x00007f83f922b578:   00007f841546fc84 00007f830000007c
0x00007f83f922b588:   00007f83d0798ac0 00007f841554cc60
0x00007f83f922b598:   0000000088ca6bff 00007f83f922b610
0x00007f83f922b5a8:   00007f8414e8722a 0000000000000000 

Instructions: (pc=0x00007f8415b33683)
0x00007f8415b33663:   93 49 8d 14 13 ff e2 0f 0b 0f 1f 40 00 48 81 ea
0x00007f8415b33673:   80 00 00 00 0f 28 4e f0 0f 29 4f f0 0f 28 56 e0
0x00007f8415b33683:   0f 29 57 e0 0f 28 5e d0 0f 29 5f d0 0f 28 66 c0
0x00007f8415b33693:   0f 29 67 c0 0f 28 6e b0 0f 29 6f b0 0f 28 6e a0 

Register to memory mapping:

RAX=0x00007f83d0df4e90 is an unknown value
RBX=0x00007f83d0df4e90 is an unknown value
RCX=0x0000000000010000 is an unknown value
RDX=0x0000000000002100 is an unknown value
RSP=0x00007f83f922b3b8 is pointing into the stack for thread: 0x00007f84100b9800
RBP=0x00007f83f922b3f0 is pointing into the stack for thread: 0x00007f84100b9800
RSI=0x00007f83d0de7000 is an unknown value
RDI=0x00007f83d0df7010 is an unknown value
R8 =0x00007f83d0dfce80 is an unknown value
R9 =0x0000000000000000 is an unknown value
R10=0x00007f83d0ce47d8 is an unknown value
R11=0x00007f8415b6ae01: <offset 0x18ae01> in /lib/x86_64-linux-gnu/libc.so.6 at 0x00007f84159e0000
R12=0x00007f83d0de4e80 is an unknown value
R13=0x00007f84100ba0e0 is an unknown value
R14=0x0000000000008000 is an unknown value
R15=0x0000000000000000 is an unknown value


Stack: [0x00007f83f9130000,0x00007f83f9231000],  sp=0x00007f83f922b3b8,  free space=1004k
Native frames: (J=compiled Java code, j=interpreted, Vv=VM code, C=native code)
C  [libc.so.6+0x153683]
V  [libjvm.so+0x8f43f8]
V  [libjvm.so+0x81ac79]
V  [libjvm.so+0x81d745]
V  [libjvm.so+0x4a358f]
V  [libjvm.so+0x4a64b9]
V  [libjvm.so+0x3f2ef5]
V  [libjvm.so+0x4b0aea]
V  [libjvm.so+0x4b1a96]
V  [libjvm.so+0xa76833]
V  [libjvm.so+0xa7697c]
V  [libjvm.so+0x927568]
C  [libpthread.so.0+0x8184]  start_thread+0xc4


Current CompileTask:
C2:1097419 3128       4       transformerProcessor.TransformationRule::performMatch (1788 bytes)


---------------  P R O C E S S  ---------------

Java Threads: ( => current thread )
  0x00007f841028f800 JavaThread "EMF Reference Cleaner" daemon [_thread_blocked, id=311, stack(0x00007f83f85e0000,0x00007f83f86e1000)]
  0x00007f84100c1000 JavaThread "Service Thread" daemon [_thread_blocked, id=306, stack(0x00007f83f8e00000,0x00007f83f8f01000)]
  0x00007f84100be000 JavaThread "C1 CompilerThread2" daemon [_thread_blocked, id=305, stack(0x00007f83f8f10000,0x00007f83f9011000)]
  0x00007f84100bc800 JavaThread "C2 CompilerThread1" daemon [_thread_blocked, id=304, stack(0x00007f83f9020000,0x00007f83f9121000)]
=>0x00007f84100b9800 JavaThread "C2 CompilerThread0" daemon [_thread_in_native, id=303, stack(0x00007f83f9130000,0x00007f83f9231000)]
  0x00007f84100b8000 JavaThread "Signal Dispatcher" daemon [_thread_blocked, id=302, stack(0x00007f83f9240000,0x00007f83f9341000)]
  0x00007f8410085000 JavaThread "Finalizer" daemon [_thread_in_native, id=301, stack(0x00007f83f9610000,0x00007f83f9711000)]
  0x00007f8410080800 JavaThread "Reference Handler" daemon [_thread_blocked, id=300, stack(0x00007f83f9720000,0x00007f83f9821000)]
  0x00007f841000b000 JavaThread "main" [_thread_in_vm, id=289, stack(0x00007f8416520000,0x00007f8416621000)]

Other Threads:
  0x00007f8410079000 VMThread [stack: 0x00007f83f9830000,0x00007f83f9931000] [id=299]
  0x00007f84100c4000 WatcherThread [stack: 0x00007f83f8cf0000,0x00007f83f8df1000] [id=307]

VM state:not at safepoint (normal execution)

VM Mutex/Monitor currently owned by a thread: None

Heap:
 PSYoungGen      total 546304K, used 126919K [0x00000000d5f00000, 0x00000000fe400000, 0x0000000100000000)
  eden space 532480K, 23% used [0x00000000d5f00000,0x00000000dd9a1d50,0x00000000f6700000)
  from space 13824K, 9% used [0x00000000f6700000,0x00000000f6850000,0x00000000f7480000)
  to   space 14336K, 0% used [0x00000000fd600000,0x00000000fd600000,0x00000000fe400000)
 ParOldGen       total 81408K, used 18991K [0x0000000081c00000, 0x0000000086b80000, 0x00000000d5f00000)
  object space 81408K, 23% used [0x0000000081c00000,0x0000000082e8bff0,0x0000000086b80000)
 Metaspace       used 20952K, capacity 21414K, committed 21504K, reserved 1069056K
  class space    used 2434K, capacity 2554K, committed 2560K, reserved 1048576K

Card table byte_map: [0x00007f83ffdd0000,0x00007f84001c3000] byte_map_base: 0x00007f83ff9c2000

Marking Bits: (ParMarkBitMap*) 0x00007f84159b2f60
 Begin Bits: [0x00007f83fb7c0000, 0x00007f83fd750000)
 End Bits:   [0x00007f83fd750000, 0x00007f83ff6e0000)

Polling page: 0x00007f84166a0000

CodeCache: size=245760Kb used=9524Kb max_used=9593Kb free=236235Kb
 bounds [0x00007f8400590000, 0x00007f8400f10000, 0x00007f840f590000]
 total_blobs=2988 nmethods=2539 adapters=361
 compilation: enabled

Compilation events (10 events):
Event: 938.778 Thread 0x00007f84100be000 3124       3       com.microsoft.z3.Z3Object::dispose (48 bytes)
Event: 938.778 Thread 0x00007f84100be000 nmethod 3124 0x00007f8400b7c3d0 code [0x00007f8400b7c540, 0x00007f8400b7c828]
Event: 938.778 Thread 0x00007f84100be000 3125   !   3       com.microsoft.z3.IDecRefQueue::add (39 bytes)
Event: 938.778 Thread 0x00007f84100be000 nmethod 3125 0x00007f8400b7bc10 code [0x00007f8400b7bda0, 0x00007f8400b7c1d8]
Event: 938.778 Thread 0x00007f84100be000 3126       3       com.microsoft.z3.Z3Object::decRef (1 bytes)
Event: 938.778 Thread 0x00007f84100be000 nmethod 3126 0x00007f8400b7b8d0 code [0x00007f8400b7ba20, 0x00007f8400b7bb70]
Event: 1054.498 Thread 0x00007f84100b9800 3127       4       java.util.ArrayList::<init> (67 bytes)
Event: 1055.515 Thread 0x00007f84100bc800 nmethod 3109% 0x00007f8400ee7590 code [0x00007f8400ee83a0, 0x00007f8400ef5300]
Event: 1055.922 Thread 0x00007f84100b9800 nmethod 3127 0x00007f8400b7b490 code [0x00007f8400b7b5e0, 0x00007f8400b7b7b8]
Event: 1061.387 Thread 0x00007f84100b9800 3128       4       transformerProcessor.TransformationRule::performMatch (1788 bytes)

GC Heap History (10 events):
Event: 44.340 GC heap before
{Heap before GC invocations=6 (full 0):
 PSYoungGen      total 138240K, used 138232K [0x00000000d5f00000, 0x00000000e7f00000, 0x0000000100000000)
  eden space 133120K, 100% used [0x00000000d5f00000,0x00000000de100000,0x00000000de100000)
  from space 5120K, 99% used [0x00000000de100000,0x00000000de5fe2e8,0x00000000de600000)
  to   space 14336K, 0% used [0x00000000e7100000,0x00000000e7100000,0x00000000e7f00000)
 ParOldGen       total 87552K, used 13677K [0x0000000081c00000, 0x0000000087180000, 0x00000000d5f00000)
  object space 87552K, 15% used [0x0000000081c00000,0x000000008295b6c8,0x0000000087180000)
 Metaspace       used 17793K, capacity 18128K, committed 18432K, reserved 1064960K
  class space    used 2094K, capacity 2194K, committed 2304K, reserved 1048576K
Event: 44.597 GC heap after
Heap after GC invocations=6 (full 0):
 PSYoungGen      total 280576K, used 5144K [0x00000000d5f00000, 0x00000000e7f00000, 0x0000000100000000)
  eden space 266240K, 0% used [0x00000000d5f00000,0x00000000d5f00000,0x00000000e6300000)
  from space 14336K, 35% used [0x00000000e7100000,0x00000000e76062e8,0x00000000e7f00000)
  to   space 14336K, 0% used [0x00000000e6300000,0x00000000e6300000,0x00000000e7100000)
 ParOldGen       total 87552K, used 13677K [0x0000000081c00000, 0x0000000087180000, 0x00000000d5f00000)
  object space 87552K, 15% used [0x0000000081c00000,0x000000008295b6c8,0x0000000087180000)
 Metaspace       used 17793K, capacity 18128K, committed 18432K, reserved 1064960K
  class space    used 2094K, capacity 2194K, committed 2304K, reserved 1048576K
}
Event: 48.400 GC heap before
{Heap before GC invocations=7 (full 0):
 PSYoungGen      total 280576K, used 271384K [0x00000000d5f00000, 0x00000000e7f00000, 0x0000000100000000)
  eden space 266240K, 100% used [0x00000000d5f00000,0x00000000e6300000,0x00000000e6300000)
  from space 14336K, 35% used [0x00000000e7100000,0x00000000e76062e8,0x00000000e7f00000)
  to   space 14336K, 0% used [0x00000000e6300000,0x00000000e6300000,0x00000000e7100000)
 ParOldGen       total 87552K, used 13677K [0x0000000081c00000, 0x0000000087180000, 0x00000000d5f00000)
  object space 87552K, 15% used [0x0000000081c00000,0x000000008295b6c8,0x0000000087180000)
 Metaspace       used 17793K, capacity 18128K, committed 18432K, reserved 1064960K
  class space    used 2094K, capacity 2194K, committed 2304K, reserved 1048576K
Event: 52.197 GC heap after
Heap after GC invocations=7 (full 0):
 PSYoungGen      total 280576K, used 3896K [0x00000000d5f00000, 0x00000000f8200000, 0x0000000100000000)
  eden space 266240K, 0% used [0x00000000d5f00000,0x00000000d5f00000,0x00000000e6300000)
  from space 14336K, 27% used [0x00000000e6300000,0x00000000e66ce2e8,0x00000000e7100000)
  to   space 13824K, 0% used [0x00000000f7480000,0x00000000f7480000,0x00000000f8200000)
 ParOldGen       total 87552K, used 14985K [0x0000000081c00000, 0x0000000087180000, 0x00000000d5f00000)
  object space 87552K, 17% used [0x0000000081c00000,0x0000000082aa26f8,0x0000000087180000)
 Metaspace       used 17793K, capacity 18128K, committed 18432K, reserved 1064960K
  class space    used 2094K, capacity 2194K, committed 2304K, reserved 1048576K
}
Event: 242.224 GC heap before
{Heap before GC invocations=8 (full 0):
 PSYoungGen      total 280576K, used 270134K [0x00000000d5f00000, 0x00000000f8200000, 0x0000000100000000)
  eden space 266240K, 99% used [0x00000000d5f00000,0x00000000e62ff738,0x00000000e6300000)
  from space 14336K, 27% used [0x00000000e6300000,0x00000000e66ce2e8,0x00000000e7100000)
  to   space 13824K, 0% used [0x00000000f7480000,0x00000000f7480000,0x00000000f8200000)
 ParOldGen       total 87552K, used 14985K [0x0000000081c00000, 0x0000000087180000, 0x00000000d5f00000)
  object space 87552K, 17% used [0x0000000081c00000,0x0000000082aa26f8,0x0000000087180000)
 Metaspace       used 20780K, capacity 21152K, committed 21248K, reserved 1069056K
  class space    used 2426K, capacity 2553K, committed 2560K, reserved 1048576K
Event: 243.672 GC heap after
Heap after GC invocations=8 (full 0):
 PSYoungGen      total 546304K, used 3110K [0x00000000d5f00000, 0x00000000f8200000, 0x0000000100000000)
  eden space 532480K, 0% used [0x00000000d5f00000,0x00000000d5f00000,0x00000000f6700000)
  from space 13824K, 22% used [0x00000000f7480000,0x00000000f7789a28,0x00000000f8200000)
  to   space 13824K, 0% used [0x00000000f6700000,0x00000000f6700000,0x00000000f7480000)
 ParOldGen       total 87552K, used 18831K [0x0000000081c00000, 0x0000000087180000, 0x00000000d5f00000)
  object space 87552K, 21% used [0x0000000081c00000,0x0000000082e63c30,0x0000000087180000)
 Metaspace       used 20780K, capacity 21152K, committed 21248K, reserved 1069056K
  class space    used 2426K, capacity 2553K, committed 2560K, reserved 1048576K
}
Event: 243.672 GC heap before
{Heap before GC invocations=9 (full 1):
 PSYoungGen      total 546304K, used 3110K [0x00000000d5f00000, 0x00000000f8200000, 0x0000000100000000)
  eden space 532480K, 0% used [0x00000000d5f00000,0x00000000d5f00000,0x00000000f6700000)
  from space 13824K, 22% used [0x00000000f7480000,0x00000000f7789a28,0x00000000f8200000)
  to   space 13824K, 0% used [0x00000000f6700000,0x00000000f6700000,0x00000000f7480000)
 ParOldGen       total 87552K, used 18831K [0x0000000081c00000, 0x0000000087180000, 0x00000000d5f00000)
  object space 87552K, 21% used [0x0000000081c00000,0x0000000082e63c30,0x0000000087180000)
 Metaspace       used 20780K, capacity 21152K, committed 21248K, reserved 1069056K
  class space    used 2426K, capacity 2553K, committed 2560K, reserved 1048576K
Event: 271.247 GC heap after
Heap after GC invocations=9 (full 1):
 PSYoungGen      total 546304K, used 0K [0x00000000d5f00000, 0x00000000f8200000, 0x0000000100000000)
  eden space 532480K, 0% used [0x00000000d5f00000,0x00000000d5f00000,0x00000000f6700000)
  from space 13824K, 0% used [0x00000000f7480000,0x00000000f7480000,0x00000000f8200000)
  to   space 13824K, 0% used [0x00000000f6700000,0x00000000f6700000,0x00000000f7480000)
 ParOldGen       total 81408K, used 18983K [0x0000000081c00000, 0x0000000086b80000, 0x00000000d5f00000)
  object space 81408K, 23% used [0x0000000081c00000,0x0000000082e89ff0,0x0000000086b80000)
 Metaspace       used 20780K, capacity 21152K, committed 21248K, reserved 1069056K
  class space    used 2426K, capacity 2553K, committed 2560K, reserved 1048576K
}
Event: 920.222 GC heap before
{Heap before GC invocations=10 (full 1):
 PSYoungGen      total 546304K, used 532480K [0x00000000d5f00000, 0x00000000f8200000, 0x0000000100000000)
  eden space 532480K, 100% used [0x00000000d5f00000,0x00000000f6700000,0x00000000f6700000)
  from space 13824K, 0% used [0x00000000f7480000,0x00000000f7480000,0x00000000f8200000)
  to   space 13824K, 0% used [0x00000000f6700000,0x00000000f6700000,0x00000000f7480000)
 ParOldGen       total 81408K, used 18983K [0x0000000081c00000, 0x0000000086b80000, 0x00000000d5f00000)
  object space 81408K, 23% used [0x0000000081c00000,0x0000000082e89ff0,0x0000000086b80000)
 Metaspace       used 20950K, capacity 21414K, committed 21504K, reserved 1069056K
  class space    used 2434K, capacity 2554K, committed 2560K, reserved 1048576K
Event: 925.774 GC heap after
Heap after GC invocations=10 (full 1):
 PSYoungGen      total 546304K, used 1344K [0x00000000d5f00000, 0x00000000fe400000, 0x0000000100000000)
  eden space 532480K, 0% used [0x00000000d5f00000,0x00000000d5f00000,0x00000000f6700000)
  from space 13824K, 9% used [0x00000000f6700000,0x00000000f6850000,0x00000000f7480000)
  to   space 14336K, 0% used [0x00000000fd600000,0x00000000fd600000,0x00000000fe400000)
 ParOldGen       total 81408K, used 18991K [0x0000000081c00000, 0x0000000086b80000, 0x00000000d5f00000)
  object space 81408K, 23% used [0x0000000081c00000,0x0000000082e8bff0,0x0000000086b80000)
 Metaspace       used 20950K, capacity 21414K, committed 21504K, reserved 1069056K
  class space    used 2434K, capacity 2554K, committed 2560K, reserved 1048576K
}

Deoptimization events (10 events):
Event: 232.201 Thread 0x00007f841000b000 Uncommon trap: reason=class_check action=maybe_recompile pc=0x00007f84006edf04 method=java.lang.Character.codePointAt(Ljava/lang/CharSequence;I)I @ 2
Event: 232.201 Thread 0x00007f841000b000 Uncommon trap: reason=class_check action=maybe_recompile pc=0x00007f84006d3fe8 method=java.lang.Character.codePointAt(Ljava/lang/CharSequence;I)I @ 2
Event: 232.201 Thread 0x00007f841000b000 Uncommon trap: reason=class_check action=maybe_recompile pc=0x00007f84006b9d28 method=java.util.regex.Pattern$Slice.match(Ljava/util/regex/Matcher;ILjava/lang/CharSequence;)Z @ 75
Event: 232.202 Thread 0x00007f841000b000 Uncommon trap: reason=class_check action=maybe_recompile pc=0x00007f84008e8374 method=java.util.regex.Pattern$Curly.match0(Ljava/util/regex/Matcher;IILjava/lang/CharSequence;)Z @ 31
Event: 232.202 Thread 0x00007f841000b000 Uncommon trap: reason=class_check action=maybe_recompile pc=0x00007f84006b9d28 method=java.util.regex.Pattern$Slice.match(Ljava/util/regex/Matcher;ILjava/lang/CharSequence;)Z @ 75
Event: 232.202 Thread 0x00007f841000b000 Uncommon trap: reason=class_check action=maybe_recompile pc=0x00007f84008e8374 method=java.util.regex.Pattern$Curly.match0(Ljava/util/regex/Matcher;IILjava/lang/CharSequence;)Z @ 31
Event: 232.203 Thread 0x00007f841000b000 Uncommon trap: reason=class_check action=maybe_recompile pc=0x00007f84006b9d28 method=java.util.regex.Pattern$Slice.match(Ljava/util/regex/Matcher;ILjava/lang/CharSequence;)Z @ 75
Event: 232.203 Thread 0x00007f841000b000 Uncommon trap: reason=class_check action=maybe_recompile pc=0x00007f84008e8374 method=java.util.regex.Pattern$Curly.match0(Ljava/util/regex/Matcher;IILjava/lang/CharSequence;)Z @ 31
Event: 233.121 Thread 0x00007f841000b000 Uncommon trap: reason=unstable_if action=reinterpret pc=0x00007f8400726484 method=java.util.regex.Matcher.match(II)Z @ 91
Event: 237.412 Thread 0x00007f841000b000 Uncommon trap: reason=unstable_if action=reinterpret pc=0x00007f8400c10410 method=org.eclipse.emf.ecore.util.EContentsEList$FeatureIteratorImpl.hasNext()Z @ 228

Internal exceptions (10 events):
Event: 2.697 Thread 0x00007f841000b000 Exception <a 'java/lang/NoSuchFieldError': method resolution failed> (0x00000000d6046628) thrown at [/HUDSON/workspace/8-2-build-linux-amd64/jdk8u131/8869/hotspot/src/share/vm/prims/methodHandles.cpp, line 1146]
Event: 2.701 Thread 0x00007f841000b000 Exception <a 'java/lang/NoSuchFieldError': method resolution failed> (0x00000000d60fa0c8) thrown at [/HUDSON/workspace/8-2-build-linux-amd64/jdk8u131/8869/hotspot/src/share/vm/prims/methodHandles.cpp, line 1146]
Event: 6.591 Thread 0x00007f841000b000 Exception <a 'java/lang/NoClassDefFoundError': org/eclipse/core/runtime/Platform> (0x00000000d6e42dc8) thrown at [/HUDSON/workspace/8-2-build-linux-amd64/jdk8u131/8869/hotspot/src/share/vm/classfile/systemDictionary.cpp, line 199]
Event: 7.226 Thread 0x00007f841000b000 Exception <a 'java/security/PrivilegedActionException'> (0x00000000d70a3358) thrown at [/HUDSON/workspace/8-2-build-linux-amd64/jdk8u131/8869/hotspot/src/share/vm/prims/jvm.cpp, line 1390]
Event: 7.226 Thread 0x00007f841000b000 Exception <a 'java/security/PrivilegedActionException'> (0x00000000d70a3750) thrown at [/HUDSON/workspace/8-2-build-linux-amd64/jdk8u131/8869/hotspot/src/share/vm/prims/jvm.cpp, line 1390]
Event: 7.227 Thread 0x00007f841000b000 Exception <a 'java/security/PrivilegedActionException'> (0x00000000d70a5f88) thrown at [/HUDSON/workspace/8-2-build-linux-amd64/jdk8u131/8869/hotspot/src/share/vm/prims/jvm.cpp, line 1390]
Event: 7.227 Thread 0x00007f841000b000 Exception <a 'java/security/PrivilegedActionException'> (0x00000000d70a6380) thrown at [/HUDSON/workspace/8-2-build-linux-amd64/jdk8u131/8869/hotspot/src/share/vm/prims/jvm.cpp, line 1390]
Event: 13.721 Thread 0x00007f841000b000 Implicit null exception at 0x00007f8400756836 to 0x00007f8400756bf1
Event: 87.300 Thread 0x00007f841000b000 Implicit null exception at 0x00007f8400d35e86 to 0x00007f8400d36749
Event: 209.145 Thread 0x00007f841000b000 Implicit null exception at 0x00007f840078ef35 to 0x00007f840078f2e5

Events (10 events):
Event: 290.212 loading class dst/impl/GeneralizationImpl done
Event: 291.287 Thread 0x00007f841000b000 DEOPT PACKING pc=0x00007f8400715c82 sp=0x00007f841661ed50
Event: 291.287 Thread 0x00007f841000b000 DEOPT UNPACKING pc=0x00007f84005d7633 sp=0x00007f841661eaa8 mode 0
Event: 920.222 Executing VM operation: ParallelGCFailedAllocation
Event: 925.774 Executing VM operation: ParallelGCFailedAllocation done
Event: 1057.324 Thread 0x00007f84100bc800 flushing nmethod 0x00007f84006a10d0
Event: 1061.386 Thread 0x00007f841000b000 DEOPT PACKING pc=0x00007f8400ec578d sp=0x00007f841661f010
Event: 1061.387 Thread 0x00007f841000b000 DEOPT UNPACKING pc=0x00007f84005d7633 sp=0x00007f841661f108 mode 0
Event: 1066.950 Thread 0x00007f84100bc800 flushing nmethod 0x00007f84006b9850
Event: 1066.999 Thread 0x00007f84100bc800 flushing nmethod 0x00007f84006bbf50


Dynamic libraries:

VM Arguments:
jvm_args: -Djava.library.path=/usr/lib:/usr/lib/swipl-5.10.1/lib/x86_64-linux -Dfile.encoding=UTF-8 
java_command: executeExperiment 3 40 13 modify_Transition_in_Region m DONOTMATCHTHIS T_2 Region Transition transitions bCMS Model test_c e mregions modify testModify 2
java_class_path (initial): /mnt/c/Personal/Work/CSC494/liftedEclipse/DSLTransLifting-master/bin:/mnt/c/Personal/Work/CSC494/liftedEclipse/DSLTransLifting-master/lib/com.microsoft.z3.jar:/mnt/c/Personal/Work/CSC494/liftedEclipse/DSLTransLifting-master/lib/diffutils-1.2.1.jar:/mnt/c/Personal/Work/CSC494/liftedEclipse/DSLTransLifting-master/lib/jpl.jar:/mnt/c/Personal/Work/CSC494/liftedEclipse/DSLTransLifting-master/lib/tools.jar:/mnt/c/Personal/Work/CSC494/liftedEclipse/eclipse/plugins/DSLTransEditor2.0.diagram_1.0.0.201704302229.jar:/mnt/c/Personal/Work/CSC494/liftedEclipse/eclipse/plugins/DSLTransEditor2.0.edit_1.0.0.201704302229.jar:/mnt/c/Personal/Work/CSC494/liftedEclipse/eclipse/plugins/DSLTransEditor2.0.editor_1.0.0.201704302229.jar:/mnt/c/Personal/Work/CSC494/liftedEclipse/eclipse/plugins/DSLTransEditor2.0_1.0.0.201704302229.jar:/mnt/c/Personal/Work/CSC494/liftedEclipse/eclipse/plugins/DSLTranslator_1.0.2.201704302229.jar:/mnt/c/Personal/Work/CSC494/liftedEclipse/eclipse/plugins/Transformer2.0_1.0.2.201704302229.jar:/mnt/c/Personal/Work/CSC494/liftedEclipse/eclipse/plugins/org.eclipse.core.contenttype_3.5.0.v20150421-2214.jar:/mnt/c/Personal/Work/CSC494/liftedEclipse/eclipse/plugins/org.eclipse.core.jobs_3.7.0.v20150330-2103.jar:/mnt/c/Personal/Work/CSC494/liftedEclipse/eclipse/plugins/org.eclipse.core.resources_3.10.1.v20150725-1910.jar:/mnt/c/Personal/Work/CSC494/liftedEclipse/eclipse/plugins/org.eclipse.debug.core_3.10.0.v20150303-1130.jar:/mnt/c/Personal/Work/CSC494/liftedEclipse/eclipse/plugins/org.eclipse.emf.codegen.ecore_2.11.1.v20160208-0841.jar:/mnt/c/Personal/Work/CSC494/liftedEclipse/eclipse/plugins/org.eclipse.emf.codegen_2.11.0.v20160208-0841.jar:/mnt/c/Personal/Work/CSC494/liftedEclipse/eclipse/plugins/org.eclipse.emf.common_2.11.1.v20160208-0816.jar:/mnt/c/Personal/Work/CSC494/liftedEclipse/eclipse/plugins/org.eclipse.emf.ecore.xmi_2.11.1.v20160208-0816.jar:/mnt/c/Personal/Work/CSC494/liftedEclipse/eclipse/plugins/org.eclipse.emf.ecore_2.11.2
Launcher Type: SUN_STANDARD

Environment Variables:
JAVA_HOME=/usr/lib/jvm/java-8-oracle
PATH=/usr/local/sbin:/usr/local/bin:/usr/sbin:/usr/bin:/sbin:/bin:/usr/games:/usr/local/games:/mnt/c/ProgramData/Oracle/Java/javapath_target_851895015:/mnt/c/Program Files (x86)/Intel/iCLS Client:/mnt/c/Program Files/Intel/iCLS Client:/mnt/c/Windows/System32:/mnt/c/Windows:/mnt/c/Windows/System32/wbem:/mnt/c/Windows/System32/WindowsPowerShell/v1.0:/mnt/c/Program Files/Intel/Intel(R) Management Engine Components/DAL:/mnt/c/Program Files (x86)/Intel/Intel(R) Management Engine Components/DAL:/mnt/c/Program Files/Intel/Intel(R) Management Engine Components/IPT:/mnt/c/Program Files (x86)/Intel/Intel(R) Management Engine Components/IPT:/mnt/c/Program Files/Prio:/mnt/c/Program Files/nodejs:/mnt/c/z3/bin:/mnt/c/Program Files/Microsoft SQL Server/120/Tools/Binn:/mnt/c/Program Files/Microsoft SQL Server/130/Tools/Binn:/mnt/c/Program Files (x86)/Windows Kits/10/Windows Performance Toolkit:/mnt/c/ProgramData/chocolatey/bin:/mnt/c/Program Files/Java/jdk1.8.0_92/bin:/mnt/c/Program Files/Git/cmd:/mnt/c/Program Files/MiKTeX 2.9/miktex/bin/x64:/mnt/c/Program Files/OpenVPN/bin:/mnt/c/Program Files (x86)/NVIDIA Corporation/PhysX/Common:/mnt/c/Windows/System32:/mnt/c/Windows:/mnt/c/Windows/System32/wbem:/mnt/c/Windows/System32/WindowsPowerShell/v1.0:/mnt/c/Program Files (x86)/Skype/Phone:/mnt/c/Users/Jeffrey/Miniconda2:/mnt/c/Users/Jeffrey/Miniconda2/Scripts:/mnt/c/Users/Jeffrey/Miniconda2/Library/bin:/mnt/c/Users/Jeffrey/AppData/Roaming/npm:/mnt/c/z3/bin:/mnt/c/Users/Jeffrey/AppData/Local/Android/sdk/tools:/mnt/c/Users/Jeffrey/AppData/Local/Android/sdk/platform-tools:/mnt/c/cygwin64/bin:/mnt/c/Users/Jeffrey/AppData/Local/.meteor:/mnt/c/Users/Jeffrey/AppData/Local/Microsoft/WindowsApps:/mnt/c/altera_lite/16.0/modelsim_ase/win32aloem:/usr/lib/swipl-5.10.1/lib/x86_64-linux:/usr/lib/jvm/java-8-oracle/bin:/usr/lib/swipl-5.10.1/bin:/usr/lib/jvm/java-8-oracle/jre/bin
LD_LIBRARY_PATH=/usr/lib/jvm/java-8-oracle/jre/lib
SHELL=/bin/bash
DISPLAY=:0
HOSTTYPE=x86_64

Signal Handlers:
SIGSEGV: [libjvm.so+0xac8af0], sa_mask[0]=11111111111111111111111111111110, sa_flags=SA_RESTART|SA_SIGINFO
SIGBUS: [libjvm.so+0xac8af0], sa_mask[0]=11111111111111111111111111111110, sa_flags=SA_RESTART|SA_SIGINFO
SIGFPE: [libjvm.so+0x921dd0], sa_mask[0]=11111111111111111111111111111110, sa_flags=SA_RESTART|SA_SIGINFO
SIGPIPE: [libjvm.so+0x921dd0], sa_mask[0]=11111111111111111111111111111110, sa_flags=SA_RESTART|SA_SIGINFO
SIGXFSZ: [libjvm.so+0x921dd0], sa_mask[0]=11111111111111111111111111111110, sa_flags=SA_RESTART|SA_SIGINFO
SIGILL: [libjvm.so+0x921dd0], sa_mask[0]=11111111111111111111111111111110, sa_flags=SA_RESTART|SA_SIGINFO
SIGUSR1: SIG_DFL, sa_mask[0]=00000000000000000000000000000000, sa_flags=none
SIGUSR2: [libjvm.so+0x923610], sa_mask[0]=00100000000000000000000000000000, sa_flags=SA_RESTART|SA_SIGINFO
SIGHUP: [libjvm.so+0x924a10], sa_mask[0]=11111111111111111111111111111110, sa_flags=SA_RESTART|SA_SIGINFO
SIGINT: [libjvm.so+0x924a10], sa_mask[0]=11111111111111111111111111111110, sa_flags=SA_RESTART|SA_SIGINFO
SIGTERM: [libjvm.so+0x924a10], sa_mask[0]=11111111111111111111111111111110, sa_flags=SA_RESTART|SA_SIGINFO
SIGQUIT: [libjvm.so+0x924a10], sa_mask[0]=11111111111111111111111111111110, sa_flags=SA_RESTART|SA_SIGINFO


---------------  S Y S T E M  ---------------

OS:DISTRIB_ID=Ubuntu
DISTRIB_RELEASE=14.04
DISTRIB_CODENAME=trusty
DISTRIB_DESCRIPTION="Ubuntu 14.04.5 LTS"

uname:Linux 4.4.0-43-Microsoft #1-Microsoft Wed Dec 31 14:42:53 PST 2014 x86_64
libc:glibc 2.19 NPTL 2.19 
rlimit: STACK infinity, CORE infinity, NPROC infinity, NOFILE 2048, AS infinity
load average:0.52 0.58 0.59

/proc/meminfo:
MemTotal:        8271528 kB
MemFree:          982964 kB
Buffers:           34032 kB
Cached:           188576 kB
SwapCached:            0 kB
Active:           167556 kB
Inactive:         157876 kB
Active(anon):     103104 kB
Inactive(anon):    17440 kB
Active(file):      64452 kB
Inactive(file):   140436 kB
Unevictable:           0 kB
Mlocked:               0 kB
SwapTotal:       8192000 kB
SwapFree:         823828 kB
Dirty:                 0 kB
Writeback:             0 kB
AnonPages:        102824 kB
Mapped:            71404 kB
Shmem:             17720 kB
Slab:              13868 kB
SReclaimable:       6744 kB
SUnreclaim:         7124 kB
KernelStack:        2848 kB
PageTables:         2524 kB
NFS_Unstable:          0 kB
Bounce:                0 kB
WritebackTmp:          0 kB
CommitLimit:      515524 kB
Committed_AS:    3450064 kB
VmallocTotal:     122880 kB
VmallocUsed:       21296 kB
VmallocChunk:      66044 kB
HardwareCorrupted:     0 kB
AnonHugePages:      2048 kB
HugePages_Total:       0
HugePages_Free:        0
HugePages_Rsvd:        0
HugePages_Surp:        0
Hugepagesize:       2048 kB
DirectMap4k:       12280 kB
DirectMap4M:      897024 kB


CPU:total 4 (initial active 4) (2 cores per cpu, 2 threads per core) family 6 model 60 stepping 3, cmov, cx8, fxsr, mmx, sse, sse2, sse3, ssse3, sse4.1, sse4.2, popcnt, avx, avx2, aes, clmul, erms, lzcnt, ht, tsc, tscinvbit, bmi1, bmi2

/proc/cpuinfo:
processor	: 0
vendor_id	: GenuineIntel
cpu family	: 6
model		: 60
model name	: Intel(R) Core(TM) i5-4210H CPU @ 2.90GHz
stepping	: 3
microcode	: 0xffffffff
cpu MHz		: 2901.000
cache size	: 256 KB
physical id	: 0
siblings	: 4
core id		: 0
cpu cores	: 2
apicid		: 0
initial apicid	: 0
fpu		: yes
fpu_exception	: yes
cpuid level	: 6
wp		: yes
flags		: fpu vme de pse tsc msr pae mce cx8 apic sep mtrr pge mca cmov pat pse36 clflush dts acpi mmx fxsr sse sse2 ss ht tm pbe syscall nx pdpe1gb rdtscp lm pni pclmulqdq dtes64 monitor ds_cpl vmx est tm2 ssse3 fma cx16 xtpr pdcm pcid sse4_1 sse4_2 x2apic movbe popcnt tsc_deadline_timer aes xsave osxsave avx f16c rdrand
bogomips	: 5802.00
clflush size	: 64
cache_alignment	: 64
address sizes	: 36 bits physical, 48 bits virtual
power management:

processor	: 1
vendor_id	: GenuineIntel
cpu family	: 6
model		: 60
model name	: Intel(R) Core(TM) i5-4210H CPU @ 2.90GHz
stepping	: 3
microcode	: 0xffffffff
cpu MHz		: 2901.000
cache size	: 256 KB
physical id	: 0
siblings	: 4
core id		: 0
cpu cores	: 2
apicid		: 0
initial apicid	: 0
fpu		: yes
fpu_exception	: yes
cpuid level	: 6
wp		: yes
flags		: fpu vme de pse tsc msr pae mce cx8 apic sep mtrr pge mca cmov pat pse36 clflush dts acpi mmx fxsr sse sse2 ss ht tm pbe syscall nx pdpe1gb rdtscp lm pni pclmulqdq dtes64 monitor ds_cpl vmx est tm2 ssse3 fma cx16 xtpr pdcm pcid sse4_1 sse4_2 x2apic movbe popcnt tsc_deadline_timer aes xsave osxsave avx f16c rdrand
bogomips	: 5802.00
clflush size	: 64
cache_alignment	: 64
address sizes	: 36 bits physical, 48 bits virtual
power management:

processor	: 2
vendor_id	: GenuineIntel
cpu family	: 6
model		: 60
model name	: Intel(R) Core(TM) i5-4210H CPU @ 2.90GHz
stepping	: 3
microcode	: 0xffffffff
cpu MHz		: 2901.000
cache size	: 256 KB
physical id	: 0
siblings	: 4
core id		: 1
cpu cores	: 2
apicid		: 0
initial apicid	: 0
fpu		: yes
fpu_exception	: yes
cpuid level	: 6
wp		: yes
flags		: fpu vme de pse tsc msr pae mce cx8 apic sep mtrr pge mca cmov pat pse36 clflush dts acpi mmx fxsr sse sse2 ss ht tm pbe syscall nx pdpe1gb rdtscp lm pni pclmulqdq dtes64 monitor ds_cpl vmx est tm2 ssse3 fma cx16 xtpr pdcm pcid sse4_1 sse4_2 x2apic movbe popcnt tsc_deadline_timer aes xsave osxsave avx f16c rdrand
bogomips	: 5802.00
clflush size	: 64
cache_alignment	: 64
address sizes	: 36 bits physical, 48 bits virtual
power management:

processor	: 3
vendor_id	: GenuineIntel
cpu family	: 6
model		: 60
model name	: Intel(R) Core(TM) i5-4210H CPU @ 2.90GHz
stepping	: 3
microcode	: 0xffffffff
cpu MHz		: 2901.000
cache size	: 256 KB
physical id	: 0
siblings	: 4
core id		: 1
cpu cores	: 2
apicid		: 0
initial apicid	: 0
fpu		: yes
fpu_exception	: yes
cpuid level	: 6
wp		: yes
flags		: fpu vme de pse tsc msr pae mce cx8 apic sep mtrr pge mca cmov pat pse36 clflush dts acpi mmx fxsr sse sse2 ss ht tm pbe syscall nx pdpe1gb rdtscp lm pni pclmulqdq dtes64 monitor ds_cpl vmx est tm2 ssse3 fma cx16 xtpr pdcm pcid sse4_1 sse4_2 x2apic movbe popcnt tsc_deadline_timer aes xsave osxsave avx f16c rdrand
bogomips	: 5802.00
clflush size	: 64
cache_alignment	: 64
address sizes	: 36 bits physical, 48 bits virtual
power management:



Memory: 4k page, physical 8271528k(982964k free), swap 8192000k(823828k free)

vm_info: Java HotSpot(TM) 64-Bit Server VM (25.131-b11) for linux-amd64 JRE (1.8.0_131-b11), built on Mar 15 2017 01:23:40 by "java_re" with gcc 4.3.0 20080428 (Red Hat 4.3.0-8)

time: Mon Sep 18 08:19:21 2017
elapsed time: 1103 seconds (0d 0h 18m 23s)

