#
# A fatal error has been detected by the Java Runtime Environment:
#
#  SIGSEGV (0xb) at pc=0x00007f4fa0af395a, pid=3192, tid=0x00007f4fc4c20700
#
# JRE version: Java(TM) SE Runtime Environment (8.0_131-b11) (build 1.8.0_131-b11)
# Java VM: Java HotSpot(TM) 64-Bit Server VM (25.131-b11 mixed mode linux-amd64 compressed oops)
# Problematic frame:
# C  [libz3.so+0x9e195a]
#
# Core dump written. Default location: /mnt/c/Personal/Work/CSC494/liftedEclipse/DSLTransLifting-master/core or core.3192
#
# If you would like to submit a bug report, please visit:
#   http://bugreport.java.com/bugreport/crash.jsp
# The crash happened outside the Java Virtual Machine in native code.
# See problematic frame for where to report the bug.
#

---------------  T H R E A D  ---------------

Current thread (0x00007f4fbc00b000):  JavaThread "main" [_thread_in_native, id=3197, stack(0x00007f4fc4b20000,0x00007f4fc4c21000)]

siginfo: si_signo: 11 (SIGSEGV), si_code: 2 (SEGV_ACCERR), si_addr: 0x00007f4c56dfb000

Registers:
RAX=0x00007f4c56dfafe8, RBX=0x00007f4c56c66958, RCX=0x00007f4c56dfcf38, RDX=0x00007f4fbc88f948
RSP=0x00007f4fc4c1e710, RBP=0x00007f4fc4c1e8e0, RSI=0x0000000000000000, RDI=0x00007f4c56c66958
R8 =0x0000000031d61467, R9 =0x00007f4fbc470a08, R10=0x0000000000000002, R11=0x00007f4c56c662e8
R12=0x00007f4fc4c1e8d0, R13=0x00007f4c56d27d88, R14=0x00007f4c56c66958, R15=0x00007f4fbc00b000
RIP=0x00007f4fa0af395a, EFLAGS=0x0000000000010246, CSGSFS=0x00000053002b0033, ERR=0x0000000000000000
  TRAPNO=0x0000000000000000

Top of Stack: (sp=0x00007f4fc4c1e710)
0x00007f4fc4c1e710:   00007f4fc4c1e8e0 00007f4c56d27d88
0x00007f4fc4c1e720:   00007f4fc4c1e8d0 00007f4fa0a6ba9e
0x00007f4fc4c1e730:   0000000000000001 0000000500000031
0x00007f4fc4c1e740:   00007f4fc4c1e7a0 0000000000000000
0x00007f4fc4c1e750:   0000005b56d27ad8 0000000000000000
0x00007f4fc4c1e760:   0000000000000000 000000770000006e
0x00007f4fc4c1e770:   0000000000000000 08d2f41e7cbd1b00
0x00007f4fc4c1e780:   00007f4c00000001 00007f4c56c66958
0x00007f4fc4c1e790:   00007f4c56dfcf88 00007f4c56c66958
0x00007f4fc4c1e7a0:   0000000000000000 0000000000000000
0x00007f4fc4c1e7b0:   0000000000000000 00007f4fa0af7402
0x00007f4fc4c1e7c0:   ffff80b03b3e17c1 00007f4c0000000d
0x00007f4fc4c1e7d0:   0000000000000003 00007f4f00000033
0x00007f4fc4c1e7e0:   00007f4fc4c1e840 0000000000000000
0x00007f4fc4c1e7f0:   0000005b00000030 0000000000000000
0x00007f4fc4c1e800:   0000000000000000 000000770000006e
0x00007f4fc4c1e810:   0000000000000000 00000000000001e8
0x00007f4fc4c1e820:   ffff80b03b3e1761 000000000000001f
0x00007f4fc4c1e830:   0000000000000007 00007f4f00000037
0x00007f4fc4c1e840:   00007f4fc4c1e8a0 0000000000000000
0x00007f4fc4c1e850:   0000005b56d27818 0000000000000000
0x00007f4fc4c1e860:   0000000000000000 000000770000006e
0x00007f4fc4c1e870:   00007f4fbc000020 00007f4c56d7fe80
0x00007f4fc4c1e880:   00007f4c56d7fe70 0000000000000060
0x00007f4fc4c1e890:   0000000000000050 00007f4fc4062ee9
0x00007f4fc4c1e8a0:   0000000000000000 0000000000000050
0x00007f4fc4c1e8b0:   00007f4c56d7fe88 00007f4c56d7fe80
0x00007f4fc4c1e8c0:   0000000000000005 00007f4c56c66958
0x00007f4fc4c1e8d0:   00007f4fbc88f948 00007f4fa0c66864
0x00007f4fc4c1e8e0:   0000000000000005 0000000000000000
0x00007f4fc4c1e8f0:   0000000000000000 0000000000000002
0x00007f4fc4c1e900:   0000000000000006 00007f4fa0aee9f5 

Instructions: (pc=0x00007f4fa0af395a)
0x00007f4fa0af393a:   74 26 ba 03 00 00 00 80 60 06 f8 c7 00 ff ff ff
0x00007f4fa0af394a:   ff 66 89 50 04 c7 40 08 00 00 00 00 49 8b 14 24
0x00007f4fa0af395a:   48 89 68 18 48 89 50 10 48 89 df 48 89 c6 5b 5d
0x00007f4fa0af396a:   41 5c e9 bf f9 ff ff 90 66 66 66 66 66 2e 0f 1f 

Register to memory mapping:

RAX=0x00007f4c56dfafe8 is an unknown value
RBX=0x00007f4c56c66958 is an unknown value
RCX=0x00007f4c56dfcf38 is an unknown value
RDX=0x00007f4fbc88f948 is an unknown value
RSP=0x00007f4fc4c1e710 is pointing into the stack for thread: 0x00007f4fbc00b000
RBP=0x00007f4fc4c1e8e0 is pointing into the stack for thread: 0x00007f4fbc00b000
RSI=0x0000000000000000 is an unknown value
RDI=0x00007f4c56c66958 is an unknown value
R8 =0x0000000031d61467 is an unknown value
R9 =0x00007f4fbc470a08 is an unknown value
R10=0x0000000000000002 is an unknown value
R11=0x00007f4c56c662e8 is an unknown value
R12=0x00007f4fc4c1e8d0 is pointing into the stack for thread: 0x00007f4fbc00b000
R13=0x00007f4c56d27d88 is an unknown value
R14=0x00007f4c56c66958 is an unknown value
R15=0x00007f4fbc00b000 is a thread


Stack: [0x00007f4fc4b20000,0x00007f4fc4c21000],  sp=0x00007f4fc4c1e710,  free space=1017k
Native frames: (J=compiled Java code, j=interpreted, Vv=VM code, C=native code)
C  [libz3.so+0x9e195a]
C  0x0000000000000000

Java frames: (J=compiled Java code, j=interpreted, Vv=VM code)
J 3532  com.microsoft.z3.Native.INTERNALmkContextRc(J)J (0 bytes) @ 0x00007f4fad6024c1 [0x00007f4fad602480+0x41]
J 4317 C2 com.microsoft.z3.Context.<init>(Ljava/util/Map;)V (305 bytes) @ 0x00007f4fadda7f64 [0x00007f4fadda6d60+0x1204]
J 5291 C2 solver.Z3Solver.checkSat(Ljava/lang/String;)Lsolver/Z3Model$Z3Bool; (32 bytes) @ 0x00007f4fadaf5a00 [0x00007f4fadaf5900+0x100]
j  transformerProcessor.filter.MatchFilter.process(LtransformerProcessor/TransformationController;LemfInterpreter/instance/InstanceDatabase;LemfInterpreter/instance/InstanceDatabase;LemfInterpreter/metamodel/MetaModelDatabase;LemfInterpreter/metamodel/MetaModelDatabase;LtransformerProcessor/TermProcessor;Ljava/util/Hashtable;Ljava/lang/String;)Z+958
J 5302 C2 transformerProcessor.TransformationRule.performMatch(LtransformerProcessor/TransformationController;LemfInterpreter/instance/InstanceDatabase;LemfInterpreter/instance/InstanceDatabase;LemfInterpreter/metamodel/MetaModelDatabase;LemfInterpreter/metamodel/MetaModelDatabase;Ljava/util/Hashtable;Ljava/lang/String;)Z (1788 bytes) @ 0x00007f4fae1a2164 [0x00007f4fae1a15e0+0xb84]
j  transformerProcessor.TransformationLayer.executeRules()V+87
j  transformerProcessor.TransformationLayer.Execute(LtransformerProcessor/TransformationUnit;)V+47
J 4479 C1 transformerProcessor.TransformationController.Execute()V (1225 bytes) @ 0x00007f4fadebf20c [0x00007f4fadebda60+0x17ac]
j  transformerProcessor.TransformerProcessor.Execute()V+4
j  genRuleLifted.executeRule(Ljava/lang/String;Ljava/lang/String;)V+23
j  genRuleLifted.main([Ljava/lang/String;)V+90
J 4531% C1 executeExperiment.main([Ljava/lang/String;)V (1229 bytes) @ 0x00007f4fadf25eec [0x00007f4fadf1e120+0x7dcc]
v  ~StubRoutines::call_stub

---------------  P R O C E S S  ---------------

Java Threads: ( => current thread )
  0x00007f4fbc35c800 JavaThread "EMF Reference Cleaner" daemon [_thread_blocked, id=3214, stack(0x00007f4fa6a90000,0x00007f4fa6b91000)]
  0x00007f4fbc0cb800 JavaThread "Service Thread" daemon [_thread_blocked, id=3209, stack(0x00007f4fa72a0000,0x00007f4fa73a1000)]
  0x00007f4fbc0be000 JavaThread "C1 CompilerThread2" daemon [_thread_blocked, id=3208, stack(0x00007f4fa73b0000,0x00007f4fa74b1000)]
  0x00007f4fbc0bc800 JavaThread "C2 CompilerThread1" daemon [_thread_blocked, id=3207, stack(0x00007f4fa74c0000,0x00007f4fa75c1000)]
  0x00007f4fbc0b9800 JavaThread "C2 CompilerThread0" daemon [_thread_blocked, id=3206, stack(0x00007f4fa75d0000,0x00007f4fa76d1000)]
  0x00007f4fbc0b8000 JavaThread "Signal Dispatcher" daemon [_thread_blocked, id=3205, stack(0x00007f4fa76e0000,0x00007f4fa77e1000)]
  0x00007f4fbc085000 JavaThread "Finalizer" daemon [_thread_blocked, id=3204, stack(0x00007f4fa7ab0000,0x00007f4fa7bb1000)]
  0x00007f4fbc080800 JavaThread "Reference Handler" daemon [_thread_blocked, id=3203, stack(0x00007f4fa7bc0000,0x00007f4fa7cc1000)]
=>0x00007f4fbc00b000 JavaThread "main" [_thread_in_native, id=3197, stack(0x00007f4fc4b20000,0x00007f4fc4c21000)]

Other Threads:
  0x00007f4fbc079000 VMThread [stack: 0x00007f4fa7cd0000,0x00007f4fa7dd1000] [id=3202]
  0x00007f4fbc0d6800 WatcherThread [stack: 0x00007f4fa7190000,0x00007f4fa7291000] [id=3210]

VM state:not at safepoint (normal execution)

VM Mutex/Monitor currently owned by a thread: None

Heap:
 PSYoungGen      total 673280K, used 73868K [0x00000000d5f00000, 0x00000000fff80000, 0x0000000100000000)
  eden space 658944K, 9% used [0x00000000d5f00000,0x00000000d9f53340,0x00000000fe280000)
  from space 14336K, 55% used [0x00000000ff180000,0x00000000ff950010,0x00000000fff80000)
  to   space 14848K, 0% used [0x00000000fe280000,0x00000000fe280000,0x00000000ff100000)
 ParOldGen       total 82944K, used 41279K [0x0000000081c00000, 0x0000000086d00000, 0x00000000d5f00000)
  object space 82944K, 49% used [0x0000000081c00000,0x000000008444ffc0,0x0000000086d00000)
 Metaspace       used 23222K, capacity 24149K, committed 24448K, reserved 1071104K
  class space    used 2618K, capacity 2863K, committed 2944K, reserved 1048576K

Card table byte_map: [0x00007f4fc1460000,0x00007f4fc1853000] byte_map_base: 0x00007f4fc1052000

Marking Bits: (ParMarkBitMap*) 0x00007f4fc3fb2f60
 Begin Bits: [0x00007f4fa10e0000, 0x00007f4fa3070000)
 End Bits:   [0x00007f4fa3070000, 0x00007f4fa5000000)

Polling page: 0x00007f4fc4c40000

CodeCache: size=245760Kb used=17871Kb max_used=17909Kb free=227888Kb
 bounds [0x00007f4fad000000, 0x00007f4fae200000, 0x00007f4fbc000000]
 total_blobs=4693 nmethods=4244 adapters=361
 compilation: enabled

Compilation events (10 events):
Event: 488.205 Thread 0x00007f4fbc0bc800 5478       4       java.util.Hashtable$ValueCollection::iterator (9 bytes)
Event: 488.207 Thread 0x00007f4fbc0bc800 nmethod 5478 0x00007f4fad958490 code [0x00007f4fad9585e0, 0x00007f4fad958758]
Event: 497.642 Thread 0x00007f4fbc0b9800 5479       4       java.lang.String::split (326 bytes)
Event: 497.689 Thread 0x00007f4fbc0b9800 nmethod 5479 0x00007f4fad268710 code [0x00007f4fad268a20, 0x00007f4fad26abd8]
Event: 509.046 Thread 0x00007f4fbc0be000 5480       3       dst.impl.DstFactoryImpl::createState (10 bytes)
Event: 509.047 Thread 0x00007f4fbc0be000 nmethod 5480 0x00007f4fad2af4d0 code [0x00007f4fad2af660, 0x00007f4fad2afa50]
Event: 509.047 Thread 0x00007f4fbc0be000 5481       3       dst.impl.StateImpl::<init> (12 bytes)
Event: 509.047 Thread 0x00007f4fbc0be000 nmethod 5481 0x00007f4fadedd3d0 code [0x00007f4fadedd560, 0x00007f4fadedd8b0]
Event: 509.053 Thread 0x00007f4fbc0be000 5482   !   3       sun.reflect.GeneratedMethodAccessor191::invoke (61 bytes)
Event: 509.053 Thread 0x00007f4fbc0be000 nmethod 5482 0x00007f4fadf44450 code [0x00007f4fadf44660, 0x00007f4fadf44f48]

GC Heap History (10 events):
Event: 489.468 GC heap before
{Heap before GC invocations=1589 (full 3):
 PSYoungGen      total 679424K, used 675520K [0x00000000d5f00000, 0x0000000100000000, 0x0000000100000000)
  eden space 669696K, 100% used [0x00000000d5f00000,0x00000000fed00000,0x00000000fed00000)
  from space 9728K, 59% used [0x00000000fed00000,0x00000000ff2b0010,0x00000000ff680000)
  to   space 9728K, 0% used [0x00000000ff680000,0x00000000ff680000,0x0000000100000000)
 ParOldGen       total 82944K, used 34128K [0x0000000081c00000, 0x0000000086d00000, 0x00000000d5f00000)
  object space 82944K, 41% used [0x0000000081c00000,0x0000000083d542c0,0x0000000086d00000)
 Metaspace       used 23208K, capacity 24143K, committed 24448K, reserved 1071104K
  class space    used 2613K, capacity 2862K, committed 2944K, reserved 1048576K
Event: 490.895 GC heap after
Heap after GC invocations=1589 (full 3):
 PSYoungGen      total 672256K, used 9696K [0x00000000d5f00000, 0x0000000100000000, 0x0000000100000000)
  eden space 662528K, 0% used [0x00000000d5f00000,0x00000000d5f00000,0x00000000fe600000)
  from space 9728K, 99% used [0x00000000ff680000,0x00000000ffff8010,0x0000000100000000)
  to   space 13312K, 0% used [0x00000000fe600000,0x00000000fe600000,0x00000000ff300000)
 ParOldGen       total 82944K, used 37816K [0x0000000081c00000, 0x0000000086d00000, 0x00000000d5f00000)
  object space 82944K, 45% used [0x0000000081c00000,0x00000000840ee2c0,0x0000000086d00000)
 Metaspace       used 23208K, capacity 24143K, committed 24448K, reserved 1071104K
  class space    used 2613K, capacity 2862K, committed 2944K, reserved 1048576K
}
Event: 493.522 GC heap before
{Heap before GC invocations=1590 (full 3):
 PSYoungGen      total 672256K, used 672224K [0x00000000d5f00000, 0x0000000100000000, 0x0000000100000000)
  eden space 662528K, 100% used [0x00000000d5f00000,0x00000000fe600000,0x00000000fe600000)
  from space 9728K, 99% used [0x00000000ff680000,0x00000000ffff8010,0x0000000100000000)
  to   space 13312K, 0% used [0x00000000fe600000,0x00000000fe600000,0x00000000ff300000)
 ParOldGen       total 82944K, used 37816K [0x0000000081c00000, 0x0000000086d00000, 0x00000000d5f00000)
  object space 82944K, 45% used [0x0000000081c00000,0x00000000840ee2c0,0x0000000086d00000)
 Metaspace       used 23208K, capacity 24143K, committed 24448K, reserved 1071104K
  class space    used 2613K, capacity 2862K, committed 2944K, reserved 1048576K
Event: 493.781 GC heap after
Heap after GC invocations=1590 (full 3):
 PSYoungGen      total 672768K, used 9728K [0x00000000d5f00000, 0x0000000100000000, 0x0000000100000000)
  eden space 662528K, 0% used [0x00000000d5f00000,0x00000000d5f00000,0x00000000fe600000)
  from space 10240K, 95% used [0x00000000fe600000,0x00000000fef80010,0x00000000ff000000)
  to   space 14336K, 0% used [0x00000000ff200000,0x00000000ff200000,0x0000000100000000)
 ParOldGen       total 82944K, used 37871K [0x0000000081c00000, 0x0000000086d00000, 0x00000000d5f00000)
  object space 82944K, 45% used [0x0000000081c00000,0x00000000840fbfc0,0x0000000086d00000)
 Metaspace       used 23208K, capacity 24143K, committed 24448K, reserved 1071104K
  class space    used 2613K, capacity 2862K, committed 2944K, reserved 1048576K
}
Event: 496.178 GC heap before
{Heap before GC invocations=1591 (full 3):
 PSYoungGen      total 672768K, used 672256K [0x00000000d5f00000, 0x0000000100000000, 0x0000000100000000)
  eden space 662528K, 100% used [0x00000000d5f00000,0x00000000fe600000,0x00000000fe600000)
  from space 10240K, 95% used [0x00000000fe600000,0x00000000fef80010,0x00000000ff000000)
  to   space 14336K, 0% used [0x00000000ff200000,0x00000000ff200000,0x0000000100000000)
 ParOldGen       total 82944K, used 37871K [0x0000000081c00000, 0x0000000086d00000, 0x00000000d5f00000)
  object space 82944K, 45% used [0x0000000081c00000,0x00000000840fbfc0,0x0000000086d00000)
 Metaspace       used 23208K, capacity 24143K, committed 24448K, reserved 1071104K
  class space    used 2613K, capacity 2862K, committed 2944K, reserved 1048576K
Event: 496.608 GC heap after
Heap after GC invocations=1591 (full 3):
 PSYoungGen      total 672768K, used 9728K [0x00000000d5f00000, 0x0000000100000000, 0x0000000100000000)
  eden space 658432K, 0% used [0x00000000d5f00000,0x00000000d5f00000,0x00000000fe200000)
  from space 14336K, 67% used [0x00000000ff200000,0x00000000ffb80010,0x0000000100000000)
  to   space 15360K, 0% used [0x00000000fe200000,0x00000000fe200000,0x00000000ff100000)
 ParOldGen       total 82944K, used 37911K [0x0000000081c00000, 0x0000000086d00000, 0x00000000d5f00000)
  object space 82944K, 45% used [0x0000000081c00000,0x0000000084105fc0,0x0000000086d00000)
 Metaspace       used 23208K, capacity 24143K, committed 24448K, reserved 1071104K
  class space    used 2613K, capacity 2862K, committed 2944K, reserved 1048576K
}
Event: 498.957 GC heap before
{Heap before GC invocations=1592 (full 3):
 PSYoungGen      total 672768K, used 668160K [0x00000000d5f00000, 0x0000000100000000, 0x0000000100000000)
  eden space 658432K, 100% used [0x00000000d5f00000,0x00000000fe200000,0x00000000fe200000)
  from space 14336K, 67% used [0x00000000ff200000,0x00000000ffb80010,0x0000000100000000)
  to   space 15360K, 0% used [0x00000000fe200000,0x00000000fe200000,0x00000000ff100000)
 ParOldGen       total 82944K, used 37911K [0x0000000081c00000, 0x0000000086d00000, 0x00000000d5f00000)
  object space 82944K, 45% used [0x0000000081c00000,0x0000000084105fc0,0x0000000086d00000)
 Metaspace       used 23208K, capacity 24143K, committed 24448K, reserved 1071104K
  class space    used 2613K, capacity 2862K, committed 2944K, reserved 1048576K
Event: 500.204 GC heap after
Heap after GC invocations=1592 (full 3):
 PSYoungGen      total 673792K, used 6432K [0x00000000d5f00000, 0x0000000100000000, 0x0000000100000000)
  eden space 658432K, 0% used [0x00000000d5f00000,0x00000000d5f00000,0x00000000fe200000)
  from space 15360K, 41% used [0x00000000fe200000,0x00000000fe848010,0x00000000ff100000)
  to   space 14848K, 0% used [0x00000000ff180000,0x00000000ff180000,0x0000000100000000)
 ParOldGen       total 82944K, used 41231K [0x0000000081c00000, 0x0000000086d00000, 0x00000000d5f00000)
  object space 82944K, 49% used [0x0000000081c00000,0x0000000084443fc0,0x0000000086d00000)
 Metaspace       used 23208K, capacity 24143K, committed 24448K, reserved 1071104K
  class space    used 2613K, capacity 2862K, committed 2944K, reserved 1048576K
}
Event: 509.700 GC heap before
{Heap before GC invocations=1593 (full 3):
 PSYoungGen      total 673792K, used 664864K [0x00000000d5f00000, 0x0000000100000000, 0x0000000100000000)
  eden space 658432K, 100% used [0x00000000d5f00000,0x00000000fe200000,0x00000000fe200000)
  from space 15360K, 41% used [0x00000000fe200000,0x00000000fe848010,0x00000000ff100000)
  to   space 14848K, 0% used [0x00000000ff180000,0x00000000ff180000,0x0000000100000000)
 ParOldGen       total 82944K, used 41231K [0x0000000081c00000, 0x0000000086d00000, 0x00000000d5f00000)
  object space 82944K, 49% used [0x0000000081c00000,0x0000000084443fc0,0x0000000086d00000)
 Metaspace       used 23222K, capacity 24149K, committed 24448K, reserved 1071104K
  class space    used 2618K, capacity 2863K, committed 2944K, reserved 1048576K
Event: 509.708 GC heap after
Heap after GC invocations=1593 (full 3):
 PSYoungGen      total 673280K, used 8000K [0x00000000d5f00000, 0x00000000fff80000, 0x0000000100000000)
  eden space 658944K, 0% used [0x00000000d5f00000,0x00000000d5f00000,0x00000000fe280000)
  from space 14336K, 55% used [0x00000000ff180000,0x00000000ff950010,0x00000000fff80000)
  to   space 14848K, 0% used [0x00000000fe280000,0x00000000fe280000,0x00000000ff100000)
 ParOldGen       total 82944K, used 41279K [0x0000000081c00000, 0x0000000086d00000, 0x00000000d5f00000)
  object space 82944K, 49% used [0x0000000081c00000,0x000000008444ffc0,0x0000000086d00000)
 Metaspace       used 23222K, capacity 24149K, committed 24448K, reserved 1071104K
  class space    used 2618K, capacity 2863K, committed 2944K, reserved 1048576K
}

Deoptimization events (10 events):
Event: 353.235 Thread 0x00007f4fbc00b000 Uncommon trap: reason=unstable_if action=reinterpret pc=0x00007f4fadd86ab4 method=org.eclipse.emf.ecore.xmi.impl.XMLSaveImpl.saveFeatures(Lorg/eclipse/emf/ecore/EObject;Z)Z @ 705
Event: 353.239 Thread 0x00007f4fbc00b000 Uncommon trap: reason=class_check action=maybe_recompile pc=0x00007f4fad8cbad4 method=com.sun.org.apache.xerces.internal.dom.NamedNodeMapImpl.item(I)Lorg/w3c/dom/Node; @ 33
Event: 353.243 Thread 0x00007f4fbc00b000 Uncommon trap: reason=class_check action=maybe_recompile pc=0x00007f4fade8beb8 method=com.sun.org.apache.xml.internal.dtm.ref.dom2dtm.DOM2DTM.addNode(Lorg/w3c/dom/Node;III)I @ 109
Event: 353.243 Thread 0x00007f4fbc00b000 Uncommon trap: reason=unstable_if action=reinterpret pc=0x00007f4fade8c710 method=com.sun.org.apache.xml.internal.dtm.ref.dom2dtm.DOM2DTM.addNode(Lorg/w3c/dom/Node;III)I @ 144
Event: 353.243 Thread 0x00007f4fbc00b000 Uncommon trap: reason=unstable_if action=reinterpret pc=0x00007f4fadb29478 method=com.sun.org.apache.xml.internal.dtm.ref.ExpandedNameTable.getExpandedTypeID(Ljava/lang/String;Ljava/lang/String;IZ)I @ 2
Event: 365.372 Thread 0x00007f4fbc00b000 Uncommon trap: reason=class_check action=maybe_recompile pc=0x00007f4fadae38fc method=java.util.HashMap.removeNode(ILjava/lang/Object;Ljava/lang/Object;ZZ)Ljava/util/HashMap$Node; @ 68
Event: 365.372 Thread 0x00007f4fbc00b000 Uncommon trap: reason=class_check action=maybe_recompile pc=0x00007f4fadae38fc method=java.util.HashMap.removeNode(ILjava/lang/Object;Ljava/lang/Object;ZZ)Ljava/util/HashMap$Node; @ 68
Event: 365.373 Thread 0x00007f4fbc00b000 Uncommon trap: reason=class_check action=maybe_recompile pc=0x00007f4fadae38fc method=java.util.HashMap.removeNode(ILjava/lang/Object;Ljava/lang/Object;ZZ)Ljava/util/HashMap$Node; @ 68
Event: 365.374 Thread 0x00007f4fbc00b000 Uncommon trap: reason=class_check action=maybe_recompile pc=0x00007f4fadae38fc method=java.util.HashMap.removeNode(ILjava/lang/Object;Ljava/lang/Object;ZZ)Ljava/util/HashMap$Node; @ 68
Event: 481.984 Thread 0x00007f4fbc00b000 Uncommon trap: reason=unstable_if action=reinterpret pc=0x00007f4fad736038 method=dst.impl.ClassImpl.eIsSet(I)Z @ 169

Internal exceptions (10 events):
Event: 77.090 Thread 0x00007f4fbc00b000 Implicit null exception at 0x00007f4fad9e3746 to 0x00007f4fad9e4009
Event: 77.107 Thread 0x00007f4fbc00b000 Implicit null exception at 0x00007f4fada00931 to 0x00007f4fada01115
Event: 77.400 Thread 0x00007f4fbc00b000 Implicit null exception at 0x00007f4fad264e35 to 0x00007f4fad2651e5
Event: 200.095 Thread 0x00007f4fbc00b000 Implicit null exception at 0x00007f4fad495a16 to 0x00007f4fad495acd
Event: 342.191 Thread 0x00007f4fbc00b000 Implicit null exception at 0x00007f4fad33ba14 to 0x00007f4fad33ba85
Event: 349.615 Thread 0x00007f4fbc00b000 Exception <a 'java/lang/ClassCastException': test.impl.TestFactoryImpl cannot be cast to test.TestFactory> (0x00000000d669e548) thrown at [/HUDSON/workspace/8-2-build-linux-amd64/jdk8u131/8869/hotspot/src/share/vm/interpreter/interpreterRuntime.cpp, line 
Event: 349.794 Thread 0x00007f4fbc00b000 Implicit null exception at 0x00007f4fadff3aca to 0x00007f4fadff3e59
Event: 349.891 Thread 0x00007f4fbc00b000 Implicit null exception at 0x00007f4fae059b3b to 0x00007f4fae059de9
Event: 350.118 Thread 0x00007f4fbc00b000 Implicit null exception at 0x00007f4fad90928f to 0x00007f4fad910195
Event: 353.106 Thread 0x00007f4fbc00b000 Exception <a 'java/lang/ClassCastException': dst.impl.DstFactoryImpl cannot be cast to dst.DstFactory> (0x00000000dd07c340) thrown at [/HUDSON/workspace/8-2-build-linux-amd64/jdk8u131/8869/hotspot/src/share/vm/interpreter/interpreterRuntime.cpp, line 381]

Events (10 events):
Event: 496.178 Executing VM operation: ParallelGCFailedAllocation
Event: 496.608 Executing VM operation: ParallelGCFailedAllocation done
Event: 498.957 Executing VM operation: ParallelGCFailedAllocation
Event: 500.204 Executing VM operation: ParallelGCFailedAllocation done
Event: 502.717 loading class dst/impl/StateImpl
Event: 502.717 loading class dst/impl/StateImpl done
Event: 508.781 loading class dst/impl/VertexImpl
Event: 508.781 loading class dst/impl/VertexImpl done
Event: 509.700 Executing VM operation: ParallelGCFailedAllocation
Event: 509.708 Executing VM operation: ParallelGCFailedAllocation done


Dynamic libraries:

VM Arguments:
jvm_args: -Djava.library.path=/usr/lib:/usr/lib/swipl-5.10.1/lib/x86_64-linux -Dfile.encoding=UTF-8 
java_command: executeExperiment 5 80 15 create_PROP_in_any_CLASS c DONOTMATCHTHIS createdProp Class Property properties bCMS Model test_c e classes
java_class_path (initial): /mnt/c/Personal/Work/CSC494/liftedEclipse/DSLTransLifting-master/bin:/mnt/c/Personal/Work/CSC494/liftedEclipse/DSLTransLifting-master/lib/com.microsoft.z3.jar:/mnt/c/Personal/Work/CSC494/liftedEclipse/DSLTransLifting-master/lib/diffutils-1.2.1.jar:/mnt/c/Personal/Work/CSC494/liftedEclipse/DSLTransLifting-master/lib/jpl.jar:/mnt/c/Personal/Work/CSC494/liftedEclipse/DSLTransLifting-master/lib/tools.jar:/mnt/c/Personal/Work/CSC494/liftedEclipse/eclipse/plugins/DSLTransEditor2.0.diagram_1.0.0.201704302229.jar:/mnt/c/Personal/Work/CSC494/liftedEclipse/eclipse/plugins/DSLTransEditor2.0.edit_1.0.0.201704302229.jar:/mnt/c/Personal/Work/CSC494/liftedEclipse/eclipse/plugins/DSLTransEditor2.0.editor_1.0.0.201704302229.jar:/mnt/c/Personal/Work/CSC494/liftedEclipse/eclipse/plugins/DSLTransEditor2.0_1.0.0.201704302229.jar:/mnt/c/Personal/Work/CSC494/liftedEclipse/eclipse/plugins/DSLTranslator_1.0.2.201704302229.jar:/mnt/c/Personal/Work/CSC494/liftedEclipse/eclipse/plugins/Transformer2.0_1.0.2.201704302229.jar:/mnt/c/Personal/Work/CSC494/liftedEclipse/eclipse/plugins/org.eclipse.core.contenttype_3.5.0.v20150421-2214.jar:/mnt/c/Personal/Work/CSC494/liftedEclipse/eclipse/plugins/org.eclipse.core.jobs_3.7.0.v20150330-2103.jar:/mnt/c/Personal/Work/CSC494/liftedEclipse/eclipse/plugins/org.eclipse.core.resources_3.10.1.v20150725-1910.jar:/mnt/c/Personal/Work/CSC494/liftedEclipse/eclipse/plugins/org.eclipse.debug.core_3.10.0.v20150303-1130.jar:/mnt/c/Personal/Work/CSC494/liftedEclipse/eclipse/plugins/org.eclipse.emf.codegen.ecore_2.11.1.v20160208-0841.jar:/mnt/c/Personal/Work/CSC494/liftedEclipse/eclipse/plugins/org.eclipse.emf.codegen_2.11.0.v20160208-0841.jar:/mnt/c/Personal/Work/CSC494/liftedEclipse/eclipse/plugins/org.eclipse.emf.common_2.11.1.v20160208-0816.jar:/mnt/c/Personal/Work/CSC494/liftedEclipse/eclipse/plugins/org.eclipse.emf.ecore.xmi_2.11.1.v20160208-0816.jar:/mnt/c/Personal/Work/CSC494/liftedEclipse/eclipse/plugins/org.eclipse.emf.ecore_2.11.2
Launcher Type: SUN_STANDARD

Environment Variables:
JAVA_HOME=/usr/lib/jvm/java-8-oracle
PATH=/usr/local/sbin:/usr/local/bin:/usr/sbin:/usr/bin:/sbin:/bin:/usr/games:/usr/local/games:/mnt/c/ProgramData/Oracle/Java/javapath_target_851895015:/mnt/c/Program Files (x86)/Intel/iCLS Client:/mnt/c/Program Files/Intel/iCLS Client:/mnt/c/Windows/System32:/mnt/c/Windows:/mnt/c/Windows/System32/wbem:/mnt/c/Windows/System32/WindowsPowerShell/v1.0:/mnt/c/Program Files/Intel/Intel(R) Management Engine Components/DAL:/mnt/c/Program Files (x86)/Intel/Intel(R) Management Engine Components/DAL:/mnt/c/Program Files/Intel/Intel(R) Management Engine Components/IPT:/mnt/c/Program Files (x86)/Intel/Intel(R) Management Engine Components/IPT:/mnt/c/Program Files/Prio:/mnt/c/Program Files/nodejs:/mnt/c/z3/bin:/mnt/c/Program Files/Microsoft SQL Server/120/Tools/Binn:/mnt/c/Program Files/Microsoft SQL Server/130/Tools/Binn:/mnt/c/Program Files (x86)/Windows Kits/10/Windows Performance Toolkit:/mnt/c/ProgramData/chocolatey/bin:/mnt/c/Program Files/Java/jdk1.8.0_92/bin:/mnt/c/Program Files/Git/cmd:/mnt/c/Program Files/MiKTeX 2.9/miktex/bin/x64:/mnt/c/Program Files/OpenVPN/bin:/mnt/c/Program Files (x86)/NVIDIA Corporation/PhysX/Common:/mnt/c/Windows/System32:/mnt/c/Windows:/mnt/c/Windows/System32/wbem:/mnt/c/Windows/System32/WindowsPowerShell/v1.0:/mnt/c/Program Files (x86)/Skype/Phone:/mnt/c/Users/Jeffrey/Miniconda2:/mnt/c/Users/Jeffrey/Miniconda2/Scripts:/mnt/c/Users/Jeffrey/Miniconda2/Library/bin:/mnt/c/Users/Jeffrey/AppData/Roaming/npm:/mnt/c/z3/bin:/mnt/c/Users/Jeffrey/AppData/Local/Android/sdk/tools:/mnt/c/Users/Jeffrey/AppData/Local/Android/sdk/platform-tools:/mnt/c/cygwin64/bin:/mnt/c/Users/Jeffrey/AppData/Local/.meteor:/mnt/c/Users/Jeffrey/AppData/Local/Microsoft/WindowsApps:/mnt/c/altera_lite/16.0/modelsim_ase/win32aloem:/usr/lib/swipl-5.10.1/lib/x86_64-linux:/usr/lib/jvm/java-8-oracle/bin:/usr/lib/swipl-5.10.1/bin:/usr/lib/jvm/java-8-oracle/jre/bin
LD_LIBRARY_PATH=/usr/lib/jvm/java-8-oracle/jre/lib
SHELL=/bin/bash
DISPLAY=:0
HOSTTYPE=x86_64

Signal Handlers:
SIGSEGV: [libjvm.so+0xac8af0], sa_mask[0]=11111111111111111111111111111110, sa_flags=SA_RESTART|SA_SIGINFO
SIGBUS: [libjvm.so+0xac8af0], sa_mask[0]=11111111111111111111111111111110, sa_flags=SA_RESTART|SA_SIGINFO
SIGFPE: [libjvm.so+0x921dd0], sa_mask[0]=11111111111111111111111111111110, sa_flags=SA_RESTART|SA_SIGINFO
SIGPIPE: [libjvm.so+0x921dd0], sa_mask[0]=11111111111111111111111111111110, sa_flags=SA_RESTART|SA_SIGINFO
SIGXFSZ: [libjvm.so+0x921dd0], sa_mask[0]=11111111111111111111111111111110, sa_flags=SA_RESTART|SA_SIGINFO
SIGILL: [libjvm.so+0x921dd0], sa_mask[0]=11111111111111111111111111111110, sa_flags=SA_RESTART|SA_SIGINFO
SIGUSR1: SIG_DFL, sa_mask[0]=00000000000000000000000000000000, sa_flags=none
SIGUSR2: [libjvm.so+0x923610], sa_mask[0]=00100000000000000000000000000000, sa_flags=SA_RESTART|SA_SIGINFO
SIGHUP: [libjvm.so+0x924a10], sa_mask[0]=11111111111111111111111111111110, sa_flags=SA_RESTART|SA_SIGINFO
SIGINT: [libjvm.so+0x924a10], sa_mask[0]=11111111111111111111111111111110, sa_flags=SA_RESTART|SA_SIGINFO
SIGTERM: [libjvm.so+0x924a10], sa_mask[0]=11111111111111111111111111111110, sa_flags=SA_RESTART|SA_SIGINFO
SIGQUIT: [libjvm.so+0x924a10], sa_mask[0]=11111111111111111111111111111110, sa_flags=SA_RESTART|SA_SIGINFO


---------------  S Y S T E M  ---------------

OS:DISTRIB_ID=Ubuntu
DISTRIB_RELEASE=14.04
DISTRIB_CODENAME=trusty
DISTRIB_DESCRIPTION="Ubuntu 14.04.5 LTS"

uname:Linux 4.4.0-43-Microsoft #1-Microsoft Wed Dec 31 14:42:53 PST 2014 x86_64
libc:glibc 2.19 NPTL 2.19 
rlimit: STACK infinity, CORE infinity, NPROC infinity, NOFILE 2048, AS infinity
load average:0.52 0.58 0.59

/proc/meminfo:
MemTotal:        8271528 kB
MemFree:         1052356 kB
Buffers:           34032 kB
Cached:           188576 kB
SwapCached:            0 kB
Active:           167556 kB
Inactive:         157876 kB
Active(anon):     103104 kB
Inactive(anon):    17440 kB
Active(file):      64452 kB
Inactive(file):   140436 kB
Unevictable:           0 kB
Mlocked:               0 kB
SwapTotal:       8192000 kB
SwapFree:        1986816 kB
Dirty:                 0 kB
Writeback:             0 kB
AnonPages:        102824 kB
Mapped:            71404 kB
Shmem:             17720 kB
Slab:              13868 kB
SReclaimable:       6744 kB
SUnreclaim:         7124 kB
KernelStack:        2848 kB
PageTables:         2524 kB
NFS_Unstable:          0 kB
Bounce:                0 kB
WritebackTmp:          0 kB
CommitLimit:      515524 kB
Committed_AS:    3450064 kB
VmallocTotal:     122880 kB
VmallocUsed:       21296 kB
VmallocChunk:      66044 kB
HardwareCorrupted:     0 kB
AnonHugePages:      2048 kB
HugePages_Total:       0
HugePages_Free:        0
HugePages_Rsvd:        0
HugePages_Surp:        0
Hugepagesize:       2048 kB
DirectMap4k:       12280 kB
DirectMap4M:      897024 kB


CPU:total 4 (initial active 4) (2 cores per cpu, 2 threads per core) family 6 model 60 stepping 3, cmov, cx8, fxsr, mmx, sse, sse2, sse3, ssse3, sse4.1, sse4.2, popcnt, avx, avx2, aes, clmul, erms, lzcnt, ht, tsc, tscinvbit, bmi1, bmi2

/proc/cpuinfo:
processor	: 0
vendor_id	: GenuineIntel
cpu family	: 6
model		: 60
model name	: Intel(R) Core(TM) i5-4210H CPU @ 2.90GHz
stepping	: 3
microcode	: 0xffffffff
cpu MHz		: 2901.000
cache size	: 256 KB
physical id	: 0
siblings	: 4
core id		: 0
cpu cores	: 2
apicid		: 0
initial apicid	: 0
fpu		: yes
fpu_exception	: yes
cpuid level	: 6
wp		: yes
flags		: fpu vme de pse tsc msr pae mce cx8 apic sep mtrr pge mca cmov pat pse36 clflush dts acpi mmx fxsr sse sse2 ss ht tm pbe syscall nx pdpe1gb rdtscp lm pni pclmulqdq dtes64 monitor ds_cpl vmx est tm2 ssse3 fma cx16 xtpr pdcm pcid sse4_1 sse4_2 x2apic movbe popcnt tsc_deadline_timer aes xsave osxsave avx f16c rdrand
bogomips	: 5802.00
clflush size	: 64
cache_alignment	: 64
address sizes	: 36 bits physical, 48 bits virtual
power management:

processor	: 1
vendor_id	: GenuineIntel
cpu family	: 6
model		: 60
model name	: Intel(R) Core(TM) i5-4210H CPU @ 2.90GHz
stepping	: 3
microcode	: 0xffffffff
cpu MHz		: 2901.000
cache size	: 256 KB
physical id	: 0
siblings	: 4
core id		: 0
cpu cores	: 2
apicid		: 0
initial apicid	: 0
fpu		: yes
fpu_exception	: yes
cpuid level	: 6
wp		: yes
flags		: fpu vme de pse tsc msr pae mce cx8 apic sep mtrr pge mca cmov pat pse36 clflush dts acpi mmx fxsr sse sse2 ss ht tm pbe syscall nx pdpe1gb rdtscp lm pni pclmulqdq dtes64 monitor ds_cpl vmx est tm2 ssse3 fma cx16 xtpr pdcm pcid sse4_1 sse4_2 x2apic movbe popcnt tsc_deadline_timer aes xsave osxsave avx f16c rdrand
bogomips	: 5802.00
clflush size	: 64
cache_alignment	: 64
address sizes	: 36 bits physical, 48 bits virtual
power management:

processor	: 2
vendor_id	: GenuineIntel
cpu family	: 6
model		: 60
model name	: Intel(R) Core(TM) i5-4210H CPU @ 2.90GHz
stepping	: 3
microcode	: 0xffffffff
cpu MHz		: 2901.000
cache size	: 256 KB
physical id	: 0
siblings	: 4
core id		: 1
cpu cores	: 2
apicid		: 0
initial apicid	: 0
fpu		: yes
fpu_exception	: yes
cpuid level	: 6
wp		: yes
flags		: fpu vme de pse tsc msr pae mce cx8 apic sep mtrr pge mca cmov pat pse36 clflush dts acpi mmx fxsr sse sse2 ss ht tm pbe syscall nx pdpe1gb rdtscp lm pni pclmulqdq dtes64 monitor ds_cpl vmx est tm2 ssse3 fma cx16 xtpr pdcm pcid sse4_1 sse4_2 x2apic movbe popcnt tsc_deadline_timer aes xsave osxsave avx f16c rdrand
bogomips	: 5802.00
clflush size	: 64
cache_alignment	: 64
address sizes	: 36 bits physical, 48 bits virtual
power management:

processor	: 3
vendor_id	: GenuineIntel
cpu family	: 6
model		: 60
model name	: Intel(R) Core(TM) i5-4210H CPU @ 2.90GHz
stepping	: 3
microcode	: 0xffffffff
cpu MHz		: 2901.000
cache size	: 256 KB
physical id	: 0
siblings	: 4
core id		: 1
cpu cores	: 2
apicid		: 0
initial apicid	: 0
fpu		: yes
fpu_exception	: yes
cpuid level	: 6
wp		: yes
flags		: fpu vme de pse tsc msr pae mce cx8 apic sep mtrr pge mca cmov pat pse36 clflush dts acpi mmx fxsr sse sse2 ss ht tm pbe syscall nx pdpe1gb rdtscp lm pni pclmulqdq dtes64 monitor ds_cpl vmx est tm2 ssse3 fma cx16 xtpr pdcm pcid sse4_1 sse4_2 x2apic movbe popcnt tsc_deadline_timer aes xsave osxsave avx f16c rdrand
bogomips	: 5802.00
clflush size	: 64
cache_alignment	: 64
address sizes	: 36 bits physical, 48 bits virtual
power management:



Memory: 4k page, physical 8271528k(1052356k free), swap 8192000k(1986816k free)

vm_info: Java HotSpot(TM) 64-Bit Server VM (25.131-b11) for linux-amd64 JRE (1.8.0_131-b11), built on Mar 15 2017 01:23:40 by "java_re" with gcc 4.3.0 20080428 (Red Hat 4.3.0-8)

time: Wed Sep 13 08:09:35 2017
elapsed time: 575 seconds (0d 0h 9m 35s)

